[ 2016-08-13T08:08:32+08:00 ] 127.0.0.1 /Home/Shop/get_shop_type/id/8e868266c329f40cfd976cc7d1f241c8
INFO: [ app_begin ] --START--
INFO: Run Behavior\ReadHtmlCacheBehavior [ RunTime:0.000324s ]
INFO: [ app_begin ] --END-- [ RunTime:0.000603s ]
SQL: SHOW COLUMNS FROM `lee_shops_type` [ RunTime:0.0006s ]
SQL: SELECT * FROM `lee_shops_type` WHERE ( shop_type = '2,6,8' and pid = 2 ) LIMIT 1   [ RunTime:0.0003s ]
INFO: [ app_end ] --START--
INFO: Run Behavior\ShowPageTraceBehavior [ RunTime:0.000434s ]
INFO: [ app_end ] --END-- [ RunTime:0.000517s ]

[ 2016-08-13T08:08:33+08:00 ] 127.0.0.1 /Home/Shop/get_shop_type/id/8e868266c329f40cfd976cc7d1f241c8
INFO: [ app_begin ] --START--
INFO: Run Behavior\ReadHtmlCacheBehavior [ RunTime:0.000360s ]
INFO: [ app_begin ] --END-- [ RunTime:0.000676s ]
SQL: SHOW COLUMNS FROM `lee_shops_type` [ RunTime:0.0006s ]
SQL: SELECT * FROM `lee_shops_type` WHERE ( shop_type = '1,6,8' and pid = 2 ) LIMIT 1   [ RunTime:0.0002s ]
INFO: [ app_end ] --START--
INFO: Run Behavior\ShowPageTraceBehavior [ RunTime:0.000409s ]
INFO: [ app_end ] --END-- [ RunTime:0.000492s ]

[ 2016-08-13T08:08:33+08:00 ] 127.0.0.1 /Home/Shop/get_shop_type/id/8e868266c329f40cfd976cc7d1f241c8
INFO: [ app_begin ] --START--
INFO: Run Behavior\ReadHtmlCacheBehavior [ RunTime:0.000330s ]
INFO: [ app_begin ] --END-- [ RunTime:0.000619s ]
SQL: SHOW COLUMNS FROM `lee_shops_type` [ RunTime:0.0006s ]
SQL: SELECT * FROM `lee_shops_type` WHERE ( shop_type = '1,5,8' and pid = 2 ) LIMIT 1   [ RunTime:0.0003s ]
INFO: [ app_end ] --START--
INFO: Run Behavior\ShowPageTraceBehavior [ RunTime:0.000393s ]
INFO: [ app_end ] --END-- [ RunTime:0.000470s ]

[ 2016-08-13T08:08:35+08:00 ] 127.0.0.1 /Home/Shop/get_shop_type/id/8e868266c329f40cfd976cc7d1f241c8
INFO: [ app_begin ] --START--
INFO: Run Behavior\ReadHtmlCacheBehavior [ RunTime:0.000326s ]
INFO: [ app_begin ] --END-- [ RunTime:0.000606s ]
SQL: SHOW COLUMNS FROM `lee_shops_type` [ RunTime:0.0005s ]
SQL: SELECT * FROM `lee_shops_type` WHERE ( shop_type = '2,5,8' and pid = 2 ) LIMIT 1   [ RunTime:0.0002s ]
INFO: [ app_end ] --START--
INFO: Run Behavior\ShowPageTraceBehavior [ RunTime:0.000392s ]
INFO: [ app_end ] --END-- [ RunTime:0.000474s ]

[ 2016-08-13T08:08:35+08:00 ] 127.0.0.1 /Home/Shop/get_shop_type/id/8e868266c329f40cfd976cc7d1f241c8
INFO: [ app_begin ] --START--
INFO: Run Behavior\ReadHtmlCacheBehavior [ RunTime:0.000330s ]
INFO: [ app_begin ] --END-- [ RunTime:0.000622s ]
SQL: SHOW COLUMNS FROM `lee_shops_type` [ RunTime:0.0005s ]
SQL: SELECT * FROM `lee_shops_type` WHERE ( shop_type = '2,6,8' and pid = 2 ) LIMIT 1   [ RunTime:0.0002s ]
INFO: [ app_end ] --START--
INFO: Run Behavior\ShowPageTraceBehavior [ RunTime:0.000398s ]
INFO: [ app_end ] --END-- [ RunTime:0.000480s ]

[ 2016-08-13T08:08:35+08:00 ] 127.0.0.1 /Home/Shop/get_shop_type/id/8e868266c329f40cfd976cc7d1f241c8
INFO: [ app_begin ] --START--
INFO: Run Behavior\ReadHtmlCacheBehavior [ RunTime:0.000326s ]
INFO: [ app_begin ] --END-- [ RunTime:0.000620s ]
SQL: SHOW COLUMNS FROM `lee_shops_type` [ RunTime:0.0005s ]
SQL: SELECT * FROM `lee_shops_type` WHERE ( shop_type = '2,6,8' and pid = 2 ) LIMIT 1   [ RunTime:0.0002s ]
INFO: [ app_end ] --START--
INFO: Run Behavior\ShowPageTraceBehavior [ RunTime:0.000372s ]
INFO: [ app_end ] --END-- [ RunTime:0.000454s ]

[ 2016-08-13T08:08:36+08:00 ] 127.0.0.1 /Home/Shop/get_shop_type/id/8e868266c329f40cfd976cc7d1f241c8
INFO: [ app_begin ] --START--
INFO: Run Behavior\ReadHtmlCacheBehavior [ RunTime:0.000327s ]
INFO: [ app_begin ] --END-- [ RunTime:0.000613s ]
SQL: SHOW COLUMNS FROM `lee_shops_type` [ RunTime:0.0006s ]
SQL: SELECT * FROM `lee_shops_type` WHERE ( shop_type = '2,5,8' and pid = 2 ) LIMIT 1   [ RunTime:0.0002s ]
INFO: [ app_end ] --START--
INFO: Run Behavior\ShowPageTraceBehavior [ RunTime:0.000413s ]
INFO: [ app_end ] --END-- [ RunTime:0.000495s ]

[ 2016-08-13T08:08:36+08:00 ] 127.0.0.1 /Home/Shop/get_shop_type/id/8e868266c329f40cfd976cc7d1f241c8
INFO: [ app_begin ] --START--
INFO: Run Behavior\ReadHtmlCacheBehavior [ RunTime:0.000324s ]
INFO: [ app_begin ] --END-- [ RunTime:0.000609s ]
SQL: SHOW COLUMNS FROM `lee_shops_type` [ RunTime:0.0009s ]
SQL: SELECT * FROM `lee_shops_type` WHERE ( shop_type = '1,5,8' and pid = 2 ) LIMIT 1   [ RunTime:0.0002s ]
INFO: [ app_end ] --START--
INFO: Run Behavior\ShowPageTraceBehavior [ RunTime:0.000378s ]
INFO: [ app_end ] --END-- [ RunTime:0.000455s ]

[ 2016-08-13T08:52:45+08:00 ] 127.0.0.1 /Home/Getpic/aaa
ERR: 无法加载控制器:Getpic

[ 2016-08-13T08:52:54+08:00 ] 127.0.0.1 /Home/Getpic/aaa
ERR: 无法加载控制器:Getpic

[ 2016-08-13T08:53:20+08:00 ] 127.0.0.1 /Home/Getpic/aaa
ERR: 无法加载控制器:Getpic

[ 2016-08-13T08:53:38+08:00 ] 127.0.0.1 /Home/Getpic/aaa
ERR: 无法加载控制器:Getpic

[ 2016-08-13T08:53:53+08:00 ] 127.0.0.1 /Home/Getpic/aaa
ERR: 无法加载控制器:Getpic

[ 2016-08-13T08:55:03+08:00 ] 127.0.0.1 /Home/Getpic/aaa
ERR: 无法加载控制器:Getpic

[ 2016-08-13T08:56:47+08:00 ] 127.0.0.1 /Home/Getpic/aaa
ERR: 无法加载控制器:Getpic

[ 2016-08-13T08:57:06+08:00 ] 127.0.0.1 /Home/Getpic/aaa
ERR: 无法加载控制器:Getpic

[ 2016-08-13T09:06:12+08:00 ] 127.0.0.1 /Home/Getpic/aaa
ERR: 非法操作:aaa

[ 2016-08-13T09:06:18+08:00 ] 127.0.0.1 /Home/Shop/get_shop_type/id/8e868266c329f40cfd976cc7d1f241c8
INFO: [ app_begin ] --START--
INFO: Run Behavior\ReadHtmlCacheBehavior [ RunTime:0.000453s ]
INFO: [ app_begin ] --END-- [ RunTime:0.000775s ]
SQL: SHOW COLUMNS FROM `lee_shops_type` [ RunTime:0.0007s ]
SQL: SELECT * FROM `lee_shops_type` WHERE ( shop_type = '1,6,8' and pid = 2 ) LIMIT 1   [ RunTime:0.0003s ]
INFO: [ app_end ] --START--
INFO: Run Behavior\ShowPageTraceBehavior [ RunTime:0.000476s ]
INFO: [ app_end ] --END-- [ RunTime:0.000555s ]

[ 2016-08-13T09:06:18+08:00 ] 127.0.0.1 /Home/Shop/get_shop_type/id/8e868266c329f40cfd976cc7d1f241c8
INFO: [ app_begin ] --START--
INFO: Run Behavior\ReadHtmlCacheBehavior [ RunTime:0.000299s ]
INFO: [ app_begin ] --END-- [ RunTime:0.000559s ]
SQL: SHOW COLUMNS FROM `lee_shops_type` [ RunTime:0.0006s ]
SQL: SELECT * FROM `lee_shops_type` WHERE ( shop_type = '1,6,9' and pid = 2 ) LIMIT 1   [ RunTime:0.0002s ]
INFO: [ app_end ] --START--
INFO: Run Behavior\ShowPageTraceBehavior [ RunTime:0.000369s ]
INFO: [ app_end ] --END-- [ RunTime:0.000443s ]

[ 2016-08-13T09:06:18+08:00 ] 127.0.0.1 /Home/Shop/get_shop_type/id/8e868266c329f40cfd976cc7d1f241c8
INFO: [ app_begin ] --START--
INFO: Run Behavior\ReadHtmlCacheBehavior [ RunTime:0.000335s ]
INFO: [ app_begin ] --END-- [ RunTime:0.000599s ]
SQL: SHOW COLUMNS FROM `lee_shops_type` [ RunTime:0.0006s ]
SQL: SELECT * FROM `lee_shops_type` WHERE ( shop_type = '1,6,10' and pid = 2 ) LIMIT 1   [ RunTime:0.0002s ]
INFO: [ app_end ] --START--
INFO: Run Behavior\ShowPageTraceBehavior [ RunTime:0.000425s ]
INFO: [ app_end ] --END-- [ RunTime:0.000503s ]

[ 2016-08-13T09:06:18+08:00 ] 127.0.0.1 /Home/Shop/get_shop_type/id/8e868266c329f40cfd976cc7d1f241c8
INFO: [ app_begin ] --START--
INFO: Run Behavior\ReadHtmlCacheBehavior [ RunTime:0.000331s ]
INFO: [ app_begin ] --END-- [ RunTime:0.000626s ]
SQL: SHOW COLUMNS FROM `lee_shops_type` [ RunTime:0.0006s ]
SQL: SELECT * FROM `lee_shops_type` WHERE ( shop_type = '1,7,10' and pid = 2 ) LIMIT 1   [ RunTime:0.0002s ]
INFO: [ app_end ] --START--
INFO: Run Behavior\ShowPageTraceBehavior [ RunTime:0.000430s ]
INFO: [ app_end ] --END-- [ RunTime:0.000515s ]

[ 2016-08-13T09:06:19+08:00 ] 127.0.0.1 /Home/Shop/get_shop_type/id/8e868266c329f40cfd976cc7d1f241c8
INFO: [ app_begin ] --START--
INFO: Run Behavior\ReadHtmlCacheBehavior [ RunTime:0.000332s ]
INFO: [ app_begin ] --END-- [ RunTime:0.000615s ]
SQL: SHOW COLUMNS FROM `lee_shops_type` [ RunTime:0.0007s ]
SQL: SELECT * FROM `lee_shops_type` WHERE ( shop_type = '2,7,10' and pid = 2 ) LIMIT 1   [ RunTime:0.0003s ]
INFO: [ app_end ] --START--
INFO: Run Behavior\ShowPageTraceBehavior [ RunTime:0.000442s ]
INFO: [ app_end ] --END-- [ RunTime:0.000530s ]

[ 2016-08-13T09:06:20+08:00 ] 127.0.0.1 /Home/Shop/get_shop_type/id/8e868266c329f40cfd976cc7d1f241c8
INFO: [ app_begin ] --START--
INFO: Run Behavior\ReadHtmlCacheBehavior [ RunTime:0.000324s ]
INFO: [ app_begin ] --END-- [ RunTime:0.000611s ]
SQL: SHOW COLUMNS FROM `lee_shops_type` [ RunTime:0.0006s ]
SQL: SELECT * FROM `lee_shops_type` WHERE ( shop_type = '3,7,10' and pid = 2 ) LIMIT 1   [ RunTime:0.0003s ]
INFO: [ app_end ] --START--
INFO: Run Behavior\ShowPageTraceBehavior [ RunTime:0.000414s ]
INFO: [ app_end ] --END-- [ RunTime:0.000499s ]

[ 2016-08-13T09:06:20+08:00 ] 127.0.0.1 /Home/Shop/get_shop_type/id/8e868266c329f40cfd976cc7d1f241c8
INFO: [ app_begin ] --START--
INFO: Run Behavior\ReadHtmlCacheBehavior [ RunTime:0.000325s ]
INFO: [ app_begin ] --END-- [ RunTime:0.000608s ]
SQL: SHOW COLUMNS FROM `lee_shops_type` [ RunTime:0.0004s ]
SQL: SELECT * FROM `lee_shops_type` WHERE ( shop_type = '2,7,10' and pid = 2 ) LIMIT 1   [ RunTime:0.0002s ]
INFO: [ app_end ] --START--
INFO: Run Behavior\ShowPageTraceBehavior [ RunTime:0.000417s ]
INFO: [ app_end ] --END-- [ RunTime:0.000498s ]

[ 2016-08-13T09:06:20+08:00 ] 127.0.0.1 /Home/Shop/get_shop_type/id/8e868266c329f40cfd976cc7d1f241c8
INFO: [ app_begin ] --START--
INFO: Run Behavior\ReadHtmlCacheBehavior [ RunTime:0.000340s ]
INFO: [ app_begin ] --END-- [ RunTime:0.000646s ]
SQL: SHOW COLUMNS FROM `lee_shops_type` [ RunTime:0.0004s ]
SQL: SELECT * FROM `lee_shops_type` WHERE ( shop_type = '1,7,10' and pid = 2 ) LIMIT 1   [ RunTime:0.0002s ]
INFO: [ app_end ] --START--
INFO: Run Behavior\ShowPageTraceBehavior [ RunTime:0.000360s ]
INFO: [ app_end ] --END-- [ RunTime:0.000442s ]

[ 2016-08-13T09:06:21+08:00 ] 127.0.0.1 /Home/Shop/get_shop_type/id/8e868266c329f40cfd976cc7d1f241c8
INFO: [ app_begin ] --START--
INFO: Run Behavior\ReadHtmlCacheBehavior [ RunTime:0.000326s ]
INFO: [ app_begin ] --END-- [ RunTime:0.000646s ]
SQL: SHOW COLUMNS FROM `lee_shops_type` [ RunTime:0.0004s ]
SQL: SELECT * FROM `lee_shops_type` WHERE ( shop_type = '1,5,10' and pid = 2 ) LIMIT 1   [ RunTime:0.0002s ]
INFO: [ app_end ] --START--
INFO: Run Behavior\ShowPageTraceBehavior [ RunTime:0.000418s ]
INFO: [ app_end ] --END-- [ RunTime:0.000505s ]

[ 2016-08-13T09:06:21+08:00 ] 127.0.0.1 /Home/Shop/get_shop_type/id/8e868266c329f40cfd976cc7d1f241c8
INFO: [ app_begin ] --START--
INFO: Run Behavior\ReadHtmlCacheBehavior [ RunTime:0.000323s ]
INFO: [ app_begin ] --END-- [ RunTime:0.000604s ]
SQL: SHOW COLUMNS FROM `lee_shops_type` [ RunTime:0.0005s ]
SQL: SELECT * FROM `lee_shops_type` WHERE ( shop_type = '1,6,10' and pid = 2 ) LIMIT 1   [ RunTime:0.0002s ]
INFO: [ app_end ] --START--
INFO: Run Behavior\ShowPageTraceBehavior [ RunTime:0.000435s ]
INFO: [ app_end ] --END-- [ RunTime:0.000521s ]

[ 2016-08-13T09:06:22+08:00 ] 127.0.0.1 /Home/Shop/get_shop_type/id/8e868266c329f40cfd976cc7d1f241c8
INFO: [ app_begin ] --START--
INFO: Run Behavior\ReadHtmlCacheBehavior [ RunTime:0.000372s ]
INFO: [ app_begin ] --END-- [ RunTime:0.000662s ]
SQL: SHOW COLUMNS FROM `lee_shops_type` [ RunTime:0.0004s ]
SQL: SELECT * FROM `lee_shops_type` WHERE ( shop_type = '1,6,9' and pid = 2 ) LIMIT 1   [ RunTime:0.0002s ]
INFO: [ app_end ] --START--
INFO: Run Behavior\ShowPageTraceBehavior [ RunTime:0.000358s ]
INFO: [ app_end ] --END-- [ RunTime:0.000443s ]

[ 2016-08-13T09:06:22+08:00 ] 127.0.0.1 /Home/Shop/get_shop_type/id/8e868266c329f40cfd976cc7d1f241c8
INFO: [ app_begin ] --START--
INFO: Run Behavior\ReadHtmlCacheBehavior [ RunTime:0.000327s ]
INFO: [ app_begin ] --END-- [ RunTime:0.000609s ]
SQL: SHOW COLUMNS FROM `lee_shops_type` [ RunTime:0.0005s ]
SQL: SELECT * FROM `lee_shops_type` WHERE ( shop_type = '1,6,8' and pid = 2 ) LIMIT 1   [ RunTime:0.0002s ]
INFO: [ app_end ] --START--
INFO: Run Behavior\ShowPageTraceBehavior [ RunTime:0.000431s ]
INFO: [ app_end ] --END-- [ RunTime:0.000546s ]

[ 2016-08-13T09:06:23+08:00 ] 127.0.0.1 /Home/Shop/get_shop_type/id/8e868266c329f40cfd976cc7d1f241c8
INFO: [ app_begin ] --START--
INFO: Run Behavior\ReadHtmlCacheBehavior [ RunTime:0.000325s ]
INFO: [ app_begin ] --END-- [ RunTime:0.000607s ]
SQL: SHOW COLUMNS FROM `lee_shops_type` [ RunTime:0.0005s ]
SQL: SELECT * FROM `lee_shops_type` WHERE ( shop_type = '1,6,8' and pid = 2 ) LIMIT 1   [ RunTime:0.0002s ]
INFO: [ app_end ] --START--
INFO: Run Behavior\ShowPageTraceBehavior [ RunTime:0.000410s ]
INFO: [ app_end ] --END-- [ RunTime:0.000488s ]

[ 2016-08-13T09:06:23+08:00 ] 127.0.0.1 /Home/Shop/get_shop_type/id/8e868266c329f40cfd976cc7d1f241c8
INFO: [ app_begin ] --START--
INFO: Run Behavior\ReadHtmlCacheBehavior [ RunTime:0.000334s ]
INFO: [ app_begin ] --END-- [ RunTime:0.000617s ]
SQL: SHOW COLUMNS FROM `lee_shops_type` [ RunTime:0.0004s ]
SQL: SELECT * FROM `lee_shops_type` WHERE ( shop_type = '2,6,8' and pid = 2 ) LIMIT 1   [ RunTime:0.0002s ]
INFO: [ app_end ] --START--
INFO: Run Behavior\ShowPageTraceBehavior [ RunTime:0.000379s ]
INFO: [ app_end ] --END-- [ RunTime:0.000461s ]

[ 2016-08-13T09:06:23+08:00 ] 127.0.0.1 /Home/Shop/get_shop_type/id/8e868266c329f40cfd976cc7d1f241c8
INFO: [ app_begin ] --START--
INFO: Run Behavior\ReadHtmlCacheBehavior [ RunTime:0.000324s ]
INFO: [ app_begin ] --END-- [ RunTime:0.000607s ]
SQL: SHOW COLUMNS FROM `lee_shops_type` [ RunTime:0.0004s ]
SQL: SELECT * FROM `lee_shops_type` WHERE ( shop_type = '2,6,8' and pid = 2 ) LIMIT 1   [ RunTime:0.0002s ]
INFO: [ app_end ] --START--
INFO: Run Behavior\ShowPageTraceBehavior [ RunTime:0.000413s ]
INFO: [ app_end ] --END-- [ RunTime:0.000495s ]

[ 2016-08-13T09:06:24+08:00 ] 127.0.0.1 /Home/Shop/get_shop_type/id/8e868266c329f40cfd976cc7d1f241c8
INFO: [ app_begin ] --START--
INFO: Run Behavior\ReadHtmlCacheBehavior [ RunTime:0.000325s ]
INFO: [ app_begin ] --END-- [ RunTime:0.000606s ]
SQL: SHOW COLUMNS FROM `lee_shops_type` [ RunTime:0.0005s ]
SQL: SELECT * FROM `lee_shops_type` WHERE ( shop_type = '2,7,8' and pid = 2 ) LIMIT 1   [ RunTime:0.0002s ]
INFO: [ app_end ] --START--
INFO: Run Behavior\ShowPageTraceBehavior [ RunTime:0.000400s ]
INFO: [ app_end ] --END-- [ RunTime:0.000484s ]

[ 2016-08-13T09:06:24+08:00 ] 127.0.0.1 /Home/Shop/get_shop_type/id/8e868266c329f40cfd976cc7d1f241c8
INFO: [ app_begin ] --START--
INFO: Run Behavior\ReadHtmlCacheBehavior [ RunTime:0.000347s ]
INFO: [ app_begin ] --END-- [ RunTime:0.000697s ]
SQL: SHOW COLUMNS FROM `lee_shops_type` [ RunTime:0.0006s ]
SQL: SELECT * FROM `lee_shops_type` WHERE ( shop_type = '3,7,8' and pid = 2 ) LIMIT 1   [ RunTime:0.0002s ]
INFO: [ app_end ] --START--
INFO: Run Behavior\ShowPageTraceBehavior [ RunTime:0.000425s ]
INFO: [ app_end ] --END-- [ RunTime:0.000499s ]

[ 2016-08-13T09:06:24+08:00 ] 127.0.0.1 /Home/Shop/get_shop_type/id/8e868266c329f40cfd976cc7d1f241c8
INFO: [ app_begin ] --START--
INFO: Run Behavior\ReadHtmlCacheBehavior [ RunTime:0.000305s ]
INFO: [ app_begin ] --END-- [ RunTime:0.000564s ]
SQL: SHOW COLUMNS FROM `lee_shops_type` [ RunTime:0.0009s ]
SQL: SELECT * FROM `lee_shops_type` WHERE ( shop_type = '3,7,8' and pid = 2 ) LIMIT 1   [ RunTime:0.0003s ]
INFO: [ app_end ] --START--
INFO: Run Behavior\ShowPageTraceBehavior [ RunTime:0.000398s ]
INFO: [ app_end ] --END-- [ RunTime:0.000474s ]

[ 2016-08-13T09:06:25+08:00 ] 127.0.0.1 /Home/Shop/get_shop_type/id/8e868266c329f40cfd976cc7d1f241c8
INFO: [ app_begin ] --START--
INFO: Run Behavior\ReadHtmlCacheBehavior [ RunTime:0.000323s ]
INFO: [ app_begin ] --END-- [ RunTime:0.000605s ]
SQL: SHOW COLUMNS FROM `lee_shops_type` [ RunTime:0.0005s ]
SQL: SELECT * FROM `lee_shops_type` WHERE ( shop_type = '3,6,8' and pid = 2 ) LIMIT 1   [ RunTime:0.0002s ]
INFO: [ app_end ] --START--
INFO: Run Behavior\ShowPageTraceBehavior [ RunTime:0.000419s ]
INFO: [ app_end ] --END-- [ RunTime:0.000503s ]

[ 2016-08-13T09:06:25+08:00 ] 127.0.0.1 /Home/Shop/get_shop_type/id/8e868266c329f40cfd976cc7d1f241c8
INFO: [ app_begin ] --START--
INFO: Run Behavior\ReadHtmlCacheBehavior [ RunTime:0.000322s ]
INFO: [ app_begin ] --END-- [ RunTime:0.000602s ]
SQL: SHOW COLUMNS FROM `lee_shops_type` [ RunTime:0.0005s ]
SQL: SELECT * FROM `lee_shops_type` WHERE ( shop_type = '2,6,8' and pid = 2 ) LIMIT 1   [ RunTime:0.0002s ]
INFO: [ app_end ] --START--
INFO: Run Behavior\ShowPageTraceBehavior [ RunTime:0.000425s ]
INFO: [ app_end ] --END-- [ RunTime:0.000508s ]

[ 2016-08-13T09:06:25+08:00 ] 127.0.0.1 /Home/Shop/get_shop_type/id/8e868266c329f40cfd976cc7d1f241c8
INFO: [ app_begin ] --START--
INFO: Run Behavior\ReadHtmlCacheBehavior [ RunTime:0.000331s ]
INFO: [ app_begin ] --END-- [ RunTime:0.000620s ]
SQL: SHOW COLUMNS FROM `lee_shops_type` [ RunTime:0.0005s ]
SQL: SELECT * FROM `lee_shops_type` WHERE ( shop_type = '1,6,8' and pid = 2 ) LIMIT 1   [ RunTime:0.0002s ]
INFO: [ app_end ] --START--
INFO: Run Behavior\ShowPageTraceBehavior [ RunTime:0.000421s ]
INFO: [ app_end ] --END-- [ RunTime:0.000503s ]

[ 2016-08-13T09:06:25+08:00 ] 127.0.0.1 /Home/Shop/get_shop_type/id/8e868266c329f40cfd976cc7d1f241c8
INFO: [ app_begin ] --START--
INFO: Run Behavior\ReadHtmlCacheBehavior [ RunTime:0.000358s ]
INFO: [ app_begin ] --END-- [ RunTime:0.000715s ]
SQL: SHOW COLUMNS FROM `lee_shops_type` [ RunTime:0.0005s ]
SQL: SELECT * FROM `lee_shops_type` WHERE ( shop_type = '1,5,8' and pid = 2 ) LIMIT 1   [ RunTime:0.0002s ]
INFO: [ app_end ] --START--
INFO: Run Behavior\ShowPageTraceBehavior [ RunTime:0.000431s ]
INFO: [ app_end ] --END-- [ RunTime:0.000514s ]

[ 2016-08-13T09:06:26+08:00 ] 127.0.0.1 /Home/Shop/get_shop_type/id/8e868266c329f40cfd976cc7d1f241c8
INFO: [ app_begin ] --START--
INFO: Run Behavior\ReadHtmlCacheBehavior [ RunTime:0.000332s ]
INFO: [ app_begin ] --END-- [ RunTime:0.000683s ]
SQL: SHOW COLUMNS FROM `lee_shops_type` [ RunTime:0.0004s ]
SQL: SELECT * FROM `lee_shops_type` WHERE ( shop_type = '1,5,9' and pid = 2 ) LIMIT 1   [ RunTime:0.0002s ]
INFO: [ app_end ] --START--
INFO: Run Behavior\ShowPageTraceBehavior [ RunTime:0.000409s ]
INFO: [ app_end ] --END-- [ RunTime:0.000492s ]

[ 2016-08-13T09:06:26+08:00 ] 127.0.0.1 /Home/Shop/get_shop_type/id/8e868266c329f40cfd976cc7d1f241c8
INFO: [ app_begin ] --START--
INFO: Run Behavior\ReadHtmlCacheBehavior [ RunTime:0.000341s ]
INFO: [ app_begin ] --END-- [ RunTime:0.000622s ]
SQL: SHOW COLUMNS FROM `lee_shops_type` [ RunTime:0.0005s ]
SQL: SELECT * FROM `lee_shops_type` WHERE ( shop_type = '1,5,10' and pid = 2 ) LIMIT 1   [ RunTime:0.0002s ]
INFO: [ app_end ] --START--
INFO: Run Behavior\ShowPageTraceBehavior [ RunTime:0.000422s ]
INFO: [ app_end ] --END-- [ RunTime:0.000507s ]

[ 2016-08-13T09:06:27+08:00 ] 127.0.0.1 /Home/Shop/get_shop_type/id/8e868266c329f40cfd976cc7d1f241c8
INFO: [ app_begin ] --START--
INFO: Run Behavior\ReadHtmlCacheBehavior [ RunTime:0.000433s ]
INFO: [ app_begin ] --END-- [ RunTime:0.000721s ]
SQL: SHOW COLUMNS FROM `lee_shops_type` [ RunTime:0.0004s ]
SQL: SELECT * FROM `lee_shops_type` WHERE ( shop_type = '1,6,10' and pid = 2 ) LIMIT 1   [ RunTime:0.0002s ]
INFO: [ app_end ] --START--
INFO: Run Behavior\ShowPageTraceBehavior [ RunTime:0.000373s ]
INFO: [ app_end ] --END-- [ RunTime:0.000455s ]

[ 2016-08-13T09:06:27+08:00 ] 127.0.0.1 /Home/Shop/get_shop_type/id/8e868266c329f40cfd976cc7d1f241c8
INFO: [ app_begin ] --START--
INFO: Run Behavior\ReadHtmlCacheBehavior [ RunTime:0.000340s ]
INFO: [ app_begin ] --END-- [ RunTime:0.000661s ]
SQL: SHOW COLUMNS FROM `lee_shops_type` [ RunTime:0.0005s ]
SQL: SELECT * FROM `lee_shops_type` WHERE ( shop_type = '2,6,10' and pid = 2 ) LIMIT 1   [ RunTime:0.0002s ]
INFO: [ app_end ] --START--
INFO: Run Behavior\ShowPageTraceBehavior [ RunTime:0.000428s ]
INFO: [ app_end ] --END-- [ RunTime:0.000515s ]

[ 2016-08-13T09:06:27+08:00 ] 127.0.0.1 /Home/Shop/get_shop_type/id/8e868266c329f40cfd976cc7d1f241c8
INFO: [ app_begin ] --START--
INFO: Run Behavior\ReadHtmlCacheBehavior [ RunTime:0.000337s ]
INFO: [ app_begin ] --END-- [ RunTime:0.000618s ]
SQL: SHOW COLUMNS FROM `lee_shops_type` [ RunTime:0.0004s ]
SQL: SELECT * FROM `lee_shops_type` WHERE ( shop_type = '3,6,10' and pid = 2 ) LIMIT 1   [ RunTime:0.0002s ]
INFO: [ app_end ] --START--
INFO: Run Behavior\ShowPageTraceBehavior [ RunTime:0.000421s ]
INFO: [ app_end ] --END-- [ RunTime:0.000502s ]

[ 2016-08-13T09:06:27+08:00 ] 127.0.0.1 /Home/Shop/get_shop_type/id/8e868266c329f40cfd976cc7d1f241c8
INFO: [ app_begin ] --START--
INFO: Run Behavior\ReadHtmlCacheBehavior [ RunTime:0.000328s ]
INFO: [ app_begin ] --END-- [ RunTime:0.000615s ]
SQL: SHOW COLUMNS FROM `lee_shops_type` [ RunTime:0.0004s ]
SQL: SELECT * FROM `lee_shops_type` WHERE ( shop_type = '3,7,10' and pid = 2 ) LIMIT 1   [ RunTime:0.0002s ]
INFO: [ app_end ] --START--
INFO: Run Behavior\ShowPageTraceBehavior [ RunTime:0.000385s ]
INFO: [ app_end ] --END-- [ RunTime:0.000473s ]

[ 2016-08-13T09:06:28+08:00 ] 127.0.0.1 /Home/Shop/get_shop_type/id/8e868266c329f40cfd976cc7d1f241c8
INFO: [ app_begin ] --START--
INFO: Run Behavior\ReadHtmlCacheBehavior [ RunTime:0.000326s ]
INFO: [ app_begin ] --END-- [ RunTime:0.000615s ]
SQL: SHOW COLUMNS FROM `lee_shops_type` [ RunTime:0.0004s ]
SQL: SELECT * FROM `lee_shops_type` WHERE ( shop_type = '3,6,10' and pid = 2 ) LIMIT 1   [ RunTime:0.0002s ]
INFO: [ app_end ] --START--
INFO: Run Behavior\ShowPageTraceBehavior [ RunTime:0.000417s ]
INFO: [ app_end ] --END-- [ RunTime:0.000504s ]

[ 2016-08-13T09:06:28+08:00 ] 127.0.0.1 /Home/Shop/get_shop_type/id/8e868266c329f40cfd976cc7d1f241c8
INFO: [ app_begin ] --START--
INFO: Run Behavior\ReadHtmlCacheBehavior [ RunTime:0.000341s ]
INFO: [ app_begin ] --END-- [ RunTime:0.000666s ]
SQL: SHOW COLUMNS FROM `lee_shops_type` [ RunTime:0.0004s ]
SQL: SELECT * FROM `lee_shops_type` WHERE ( shop_type = '2,6,10' and pid = 2 ) LIMIT 1   [ RunTime:0.0002s ]
INFO: [ app_end ] --START--
INFO: Run Behavior\ShowPageTraceBehavior [ RunTime:0.000418s ]
INFO: [ app_end ] --END-- [ RunTime:0.000501s ]

[ 2016-08-13T09:06:28+08:00 ] 127.0.0.1 /Home/Shop/get_shop_type/id/8e868266c329f40cfd976cc7d1f241c8
INFO: [ app_begin ] --START--
INFO: Run Behavior\ReadHtmlCacheBehavior [ RunTime:0.000325s ]
INFO: [ app_begin ] --END-- [ RunTime:0.000610s ]
SQL: SHOW COLUMNS FROM `lee_shops_type` [ RunTime:0.0004s ]
SQL: SELECT * FROM `lee_shops_type` WHERE ( shop_type = '1,6,10' and pid = 2 ) LIMIT 1   [ RunTime:0.0002s ]
INFO: [ app_end ] --START--
INFO: Run Behavior\ShowPageTraceBehavior [ RunTime:0.000368s ]
INFO: [ app_end ] --END-- [ RunTime:0.000451s ]

[ 2016-08-13T09:06:29+08:00 ] 127.0.0.1 /Home/Shop/get_shop_type/id/8e868266c329f40cfd976cc7d1f241c8
INFO: [ app_begin ] --START--
INFO: Run Behavior\ReadHtmlCacheBehavior [ RunTime:0.000460s ]
INFO: [ app_begin ] --END-- [ RunTime:0.001129s ]
SQL: SHOW COLUMNS FROM `lee_shops_type` [ RunTime:0.0004s ]
SQL: SELECT * FROM `lee_shops_type` WHERE ( shop_type = '1,5,10' and pid = 2 ) LIMIT 1   [ RunTime:0.0002s ]
INFO: [ app_end ] --START--
INFO: Run Behavior\ShowPageTraceBehavior [ RunTime:0.000406s ]
INFO: [ app_end ] --END-- [ RunTime:0.000489s ]

[ 2016-08-13T09:06:29+08:00 ] 127.0.0.1 /Home/Shop/get_shop_type/id/8e868266c329f40cfd976cc7d1f241c8
INFO: [ app_begin ] --START--
INFO: Run Behavior\ReadHtmlCacheBehavior [ RunTime:0.000375s ]
INFO: [ app_begin ] --END-- [ RunTime:0.000681s ]
SQL: SHOW COLUMNS FROM `lee_shops_type` [ RunTime:0.0004s ]
SQL: SELECT * FROM `lee_shops_type` WHERE ( shop_type = '1,5,8' and pid = 2 ) LIMIT 1   [ RunTime:0.0002s ]
INFO: [ app_end ] --START--
INFO: Run Behavior\ShowPageTraceBehavior [ RunTime:0.000371s ]
INFO: [ app_end ] --END-- [ RunTime:0.000454s ]

[ 2016-08-13T09:08:43+08:00 ] 127.0.0.1 /Home/Shop/get_shop_type/id/4351d55224a290086e788d46493ed6d3
INFO: [ app_begin ] --START--
INFO: Run Behavior\ReadHtmlCacheBehavior [ RunTime:0.000325s ]
INFO: [ app_begin ] --END-- [ RunTime:0.000610s ]
SQL: SHOW COLUMNS FROM `lee_shops_type` [ RunTime:0.0005s ]
SQL: SELECT * FROM `lee_shops_type` WHERE ( shop_type = '57,60,62' and pid = 10 ) LIMIT 1   [ RunTime:0.0003s ]
INFO: [ app_end ] --START--
INFO: Run Behavior\ShowPageTraceBehavior [ RunTime:0.000449s ]
INFO: [ app_end ] --END-- [ RunTime:0.000534s ]

[ 2016-08-13T09:08:44+08:00 ] 127.0.0.1 /Home/Shop/get_shop_type/id/4351d55224a290086e788d46493ed6d3
INFO: [ app_begin ] --START--
INFO: Run Behavior\ReadHtmlCacheBehavior [ RunTime:0.000326s ]
INFO: [ app_begin ] --END-- [ RunTime:0.000608s ]
SQL: SHOW COLUMNS FROM `lee_shops_type` [ RunTime:0.0005s ]
SQL: SELECT * FROM `lee_shops_type` WHERE ( shop_type = '57,60,63' and pid = 10 ) LIMIT 1   [ RunTime:0.0003s ]
INFO: [ app_end ] --START--
INFO: Run Behavior\ShowPageTraceBehavior [ RunTime:0.000451s ]
INFO: [ app_end ] --END-- [ RunTime:0.000539s ]

[ 2016-08-13T09:08:45+08:00 ] 127.0.0.1 /Home/Shop/get_shop_type/id/4351d55224a290086e788d46493ed6d3
INFO: [ app_begin ] --START--
INFO: Run Behavior\ReadHtmlCacheBehavior [ RunTime:0.000329s ]
INFO: [ app_begin ] --END-- [ RunTime:0.000612s ]
SQL: SHOW COLUMNS FROM `lee_shops_type` [ RunTime:0.0005s ]
SQL: SELECT * FROM `lee_shops_type` WHERE ( shop_type = '57,60,62' and pid = 10 ) LIMIT 1   [ RunTime:0.0002s ]
INFO: [ app_end ] --START--
INFO: Run Behavior\ShowPageTraceBehavior [ RunTime:0.000453s ]
INFO: [ app_end ] --END-- [ RunTime:0.000539s ]

[ 2016-08-13T09:08:45+08:00 ] 127.0.0.1 /Home/Shop/get_shop_type/id/4351d55224a290086e788d46493ed6d3
INFO: [ app_begin ] --START--
INFO: Run Behavior\ReadHtmlCacheBehavior [ RunTime:0.000327s ]
INFO: [ app_begin ] --END-- [ RunTime:0.000609s ]
SQL: SHOW COLUMNS FROM `lee_shops_type` [ RunTime:0.0005s ]
SQL: SELECT * FROM `lee_shops_type` WHERE ( shop_type = '57,60,61' and pid = 10 ) LIMIT 1   [ RunTime:0.0002s ]
INFO: [ app_end ] --START--
INFO: Run Behavior\ShowPageTraceBehavior [ RunTime:0.000442s ]
INFO: [ app_end ] --END-- [ RunTime:0.000527s ]

[ 2016-08-13T09:08:45+08:00 ] 127.0.0.1 /Home/Shop/get_shop_type/id/4351d55224a290086e788d46493ed6d3
INFO: [ app_begin ] --START--
INFO: Run Behavior\ReadHtmlCacheBehavior [ RunTime:0.000332s ]
INFO: [ app_begin ] --END-- [ RunTime:0.000618s ]
SQL: SHOW COLUMNS FROM `lee_shops_type` [ RunTime:0.0004s ]
SQL: SELECT * FROM `lee_shops_type` WHERE ( shop_type = '57,59,61' and pid = 10 ) LIMIT 1   [ RunTime:0.0002s ]
INFO: [ app_end ] --START--
INFO: Run Behavior\ShowPageTraceBehavior [ RunTime:0.000396s ]
INFO: [ app_end ] --END-- [ RunTime:0.000478s ]

[ 2016-08-13T09:08:46+08:00 ] 127.0.0.1 /Home/Shop/get_shop_type/id/4351d55224a290086e788d46493ed6d3
INFO: [ app_begin ] --START--
INFO: Run Behavior\ReadHtmlCacheBehavior [ RunTime:0.000332s ]
INFO: [ app_begin ] --END-- [ RunTime:0.000613s ]
SQL: SHOW COLUMNS FROM `lee_shops_type` [ RunTime:0.0005s ]
SQL: SELECT * FROM `lee_shops_type` WHERE ( shop_type = '55,59,61' and pid = 10 ) LIMIT 1   [ RunTime:0.0002s ]
INFO: [ app_end ] --START--
INFO: Run Behavior\ShowPageTraceBehavior [ RunTime:0.000421s ]
INFO: [ app_end ] --END-- [ RunTime:0.000511s ]

[ 2016-08-13T09:08:46+08:00 ] 127.0.0.1 /Home/Shop/get_shop_type/id/4351d55224a290086e788d46493ed6d3
INFO: [ app_begin ] --START--
INFO: Run Behavior\ReadHtmlCacheBehavior [ RunTime:0.000326s ]
INFO: [ app_begin ] --END-- [ RunTime:0.000606s ]
SQL: SHOW COLUMNS FROM `lee_shops_type` [ RunTime:0.0005s ]
SQL: SELECT * FROM `lee_shops_type` WHERE ( shop_type = '56,59,61' and pid = 10 ) LIMIT 1   [ RunTime:0.0002s ]
INFO: [ app_end ] --START--
INFO: Run Behavior\ShowPageTraceBehavior [ RunTime:0.000435s ]
INFO: [ app_end ] --END-- [ RunTime:0.000519s ]

[ 2016-08-13T09:08:48+08:00 ] 127.0.0.1 /Home/Shop/get_shop_type/id/4351d55224a290086e788d46493ed6d3
INFO: [ app_begin ] --START--
INFO: Run Behavior\ReadHtmlCacheBehavior [ RunTime:0.000331s ]
INFO: [ app_begin ] --END-- [ RunTime:0.000612s ]
SQL: SHOW COLUMNS FROM `lee_shops_type` [ RunTime:0.0004s ]
SQL: SELECT * FROM `lee_shops_type` WHERE ( shop_type = '56,60,61' and pid = 10 ) LIMIT 1   [ RunTime:0.0002s ]
INFO: [ app_end ] --START--
INFO: Run Behavior\ShowPageTraceBehavior [ RunTime:0.000362s ]
INFO: [ app_end ] --END-- [ RunTime:0.000444s ]

[ 2016-08-13T09:08:48+08:00 ] 127.0.0.1 /Home/Shop/get_shop_type/id/4351d55224a290086e788d46493ed6d3
INFO: [ app_begin ] --START--
INFO: Run Behavior\ReadHtmlCacheBehavior [ RunTime:0.000328s ]
INFO: [ app_begin ] --END-- [ RunTime:0.000613s ]
SQL: SHOW COLUMNS FROM `lee_shops_type` [ RunTime:0.0005s ]
SQL: SELECT * FROM `lee_shops_type` WHERE ( shop_type = '56,60,63' and pid = 10 ) LIMIT 1   [ RunTime:0.0003s ]
INFO: [ app_end ] --START--
INFO: Run Behavior\ShowPageTraceBehavior [ RunTime:0.000434s ]
INFO: [ app_end ] --END-- [ RunTime:0.000520s ]

[ 2016-08-13T09:27:11+08:00 ] 127.0.0.1 /Home/index/login
INFO: [ app_begin ] --START--
INFO: Run Behavior\ReadHtmlCacheBehavior [ RunTime:0.000453s ]
INFO: [ app_begin ] --END-- [ RunTime:0.000790s ]
SQL: SHOW COLUMNS FROM `lee_user` [ RunTime:0.0281s ]
SQL: SELECT * FROM `lee_user` WHERE ( username = 'levan' ) LIMIT 1   [ RunTime:0.0003s ]
NOTIC: [8] Undefined index: user_avatar E:\wamp64\www\llx\Application\Home\Controller\IndexController.class.php 第 79 行.
INFO: [ app_end ] --START--
INFO: Run Behavior\ShowPageTraceBehavior [ RunTime:0.000455s ]
INFO: [ app_end ] --END-- [ RunTime:0.000527s ]

[ 2016-08-13T09:30:13+08:00 ] 127.0.0.1 /Home/index/login
INFO: [ app_begin ] --START--
INFO: Run Behavior\ReadHtmlCacheBehavior [ RunTime:0.000324s ]
INFO: [ app_begin ] --END-- [ RunTime:0.000642s ]
SQL: SHOW COLUMNS FROM `lee_user` [ RunTime:0.0005s ]
SQL: SELECT * FROM `lee_user` WHERE ( username = 'levan' ) LIMIT 1   [ RunTime:0.0002s ]
NOTIC: [8] Undefined index: user_avatar E:\wamp64\www\llx\Application\Home\Controller\IndexController.class.php 第 79 行.
INFO: [ app_end ] --START--
INFO: Run Behavior\ShowPageTraceBehavior [ RunTime:0.000362s ]
INFO: [ app_end ] --END-- [ RunTime:0.000439s ]

[ 2016-08-13T18:39:35+08:00 ] 127.0.0.1 /Home/index/login
INFO: [ app_begin ] --START--
INFO: Run Behavior\ReadHtmlCacheBehavior [ RunTime:0.000313s ]
INFO: [ app_begin ] --END-- [ RunTime:0.000583s ]
SQL: SHOW COLUMNS FROM `lee_user` [ RunTime:0.1012s ]
SQL: SELECT * FROM `lee_user` WHERE ( username = 'levan' ) LIMIT 1   [ RunTime:0.0003s ]
NOTIC: [8] Undefined index: user_avatar E:\wamp64\www\llx\Application\Home\Controller\IndexController.class.php 第 79 行.
INFO: [ app_end ] --START--
INFO: Run Behavior\ShowPageTraceBehavior [ RunTime:0.001683s ]
INFO: [ app_end ] --END-- [ RunTime:0.001942s ]

[ 2016-08-13T20:05:08+08:00 ] 127.0.0.1 /Home/public/avatar.swf
ERR: 无法加载控制器:Public

[ 2016-08-13T20:08:58+08:00 ] 127.0.0.1 /Home/User/$user_info['user_avatar']
ERR: 非法操作:$user_info['user_avatar']

[ 2016-08-13T20:11:55+08:00 ] 127.0.0.1 /Home/User/%7B__PUBLIC__/Home/images/user_avatar/1.jpg%7D
ERR: 非法操作:{__PUBLIC__

[ 2016-08-13T20:12:33+08:00 ] 127.0.0.1 /Home/User/$user_info['user_avatar']
ERR: 非法操作:$user_info['user_avatar']

