[ 2016-08-01T13:21:43+08:00 ] 127.0.0.1 /Home/index/login.html
INFO: [ app_begin ] --START--
INFO: Run Behavior\ReadHtmlCacheBehavior [ RunTime:0.000330s ]
INFO: [ app_begin ] --END-- [ RunTime:0.000610s ]
INFO: [ app_end ] --START--
INFO: Run Behavior\ShowPageTraceBehavior [ RunTime:0.000395s ]
INFO: [ app_end ] --END-- [ RunTime:0.000479s ]

[ 2016-08-01T13:21:49+08:00 ] 127.0.0.1 /Home/index/login.html
INFO: [ app_begin ] --START--
INFO: Run Behavior\ReadHtmlCacheBehavior [ RunTime:0.000358s ]
INFO: [ app_begin ] --END-- [ RunTime:0.000642s ]
INFO: [ app_end ] --START--
INFO: Run Behavior\ShowPageTraceBehavior [ RunTime:0.000403s ]
INFO: [ app_end ] --END-- [ RunTime:0.000495s ]

[ 2016-08-01T13:21:56+08:00 ] 127.0.0.1 /Home/index/login.html
INFO: [ app_begin ] --START--
INFO: Run Behavior\ReadHtmlCacheBehavior [ RunTime:0.000334s ]
INFO: [ app_begin ] --END-- [ RunTime:0.000619s ]
SQL: SHOW COLUMNS FROM `lee_user` [ RunTime:0.0512s ]
SQL: SELECT * FROM `lee_user` WHERE ( username = '121' ) LIMIT 1   [ RunTime:0.0005s ]
INFO: [ app_end ] --START--
INFO: Run Behavior\ShowPageTraceBehavior [ RunTime:0.000474s ]
INFO: [ app_end ] --END-- [ RunTime:0.000578s ]

[ 2016-08-01T13:22:04+08:00 ] 127.0.0.1 /Home/index/login.html
INFO: [ app_begin ] --START--
INFO: Run Behavior\ReadHtmlCacheBehavior [ RunTime:0.000332s ]
INFO: [ app_begin ] --END-- [ RunTime:0.000611s ]
SQL: SHOW COLUMNS FROM `lee_user` [ RunTime:0.0008s ]
SQL: SELECT * FROM `lee_user` WHERE ( username = '121' ) LIMIT 1   [ RunTime:0.0002s ]
INFO: [ app_end ] --START--
INFO: Run Behavior\ShowPageTraceBehavior [ RunTime:0.000459s ]
INFO: [ app_end ] --END-- [ RunTime:0.000543s ]

[ 2016-08-01T13:22:18+08:00 ] 127.0.0.1 /Home/index/login.html
INFO: [ app_begin ] --START--
INFO: Run Behavior\ReadHtmlCacheBehavior [ RunTime:0.000441s ]
INFO: [ app_begin ] --END-- [ RunTime:0.000767s ]
SQL: SHOW COLUMNS FROM `lee_user` [ RunTime:0.0008s ]
SQL: SELECT * FROM `lee_user` WHERE ( username = '1' ) LIMIT 1   [ RunTime:0.0003s ]
INFO: [ app_end ] --START--
INFO: Run Behavior\ShowPageTraceBehavior [ RunTime:0.000626s ]
INFO: [ app_end ] --END-- [ RunTime:0.000733s ]

[ 2016-08-01T13:22:22+08:00 ] 127.0.0.1 /Home/index/login.html
INFO: [ app_begin ] --START--
INFO: Run Behavior\ReadHtmlCacheBehavior [ RunTime:0.000327s ]
INFO: [ app_begin ] --END-- [ RunTime:0.000609s ]
INFO: [ app_end ] --START--
INFO: Run Behavior\ShowPageTraceBehavior [ RunTime:0.000389s ]
INFO: [ app_end ] --END-- [ RunTime:0.000474s ]

[ 2016-08-01T13:22:42+08:00 ] 127.0.0.1 /Home/index/login.html
INFO: [ app_begin ] --START--
INFO: Run Behavior\ReadHtmlCacheBehavior [ RunTime:0.000537s ]
INFO: [ app_begin ] --END-- [ RunTime:0.000858s ]
SQL: SHOW COLUMNS FROM `lee_user` [ RunTime:0.0006s ]
SQL: SELECT * FROM `lee_user` WHERE ( username = '23' ) LIMIT 1   [ RunTime:0.0002s ]
INFO: [ app_end ] --START--
INFO: Run Behavior\ShowPageTraceBehavior [ RunTime:0.000479s ]
INFO: [ app_end ] --END-- [ RunTime:0.000565s ]

[ 2016-08-01T13:22:43+08:00 ] 127.0.0.1 /Home/index/login.html
INFO: [ app_begin ] --START--
INFO: Run Behavior\ReadHtmlCacheBehavior [ RunTime:0.000537s ]
INFO: [ app_begin ] --END-- [ RunTime:0.001002s ]
INFO: [ app_end ] --START--
INFO: Run Behavior\ShowPageTraceBehavior [ RunTime:0.000429s ]
INFO: [ app_end ] --END-- [ RunTime:0.000545s ]

[ 2016-08-01T13:22:58+08:00 ] 127.0.0.1 /Home/index/login.html
INFO: [ app_begin ] --START--
INFO: Run Behavior\ReadHtmlCacheBehavior [ RunTime:0.000331s ]
INFO: [ app_begin ] --END-- [ RunTime:0.000615s ]
SQL: SHOW COLUMNS FROM `lee_user` [ RunTime:0.0006s ]
SQL: SELECT * FROM `lee_user` WHERE ( username = 'levan' ) LIMIT 1   [ RunTime:0.0003s ]
NOTIC: [8] Undefined index: user_avatar E:\wamp64\www\llx\Application\Home\Controller\IndexController.class.php 第 54 行.
INFO: [ app_end ] --START--
INFO: Run Behavior\ShowPageTraceBehavior [ RunTime:0.000414s ]
INFO: [ app_end ] --END-- [ RunTime:0.000489s ]

[ 2016-08-01T13:24:19+08:00 ] 127.0.0.1 /Home/index/login.html
INFO: [ app_begin ] --START--
INFO: Run Behavior\ReadHtmlCacheBehavior [ RunTime:0.000335s ]
INFO: [ app_begin ] --END-- [ RunTime:0.000626s ]
SQL: SHOW COLUMNS FROM `lee_user` [ RunTime:0.0006s ]
SQL: SELECT * FROM `lee_user` WHERE ( username = 'levan' ) LIMIT 1   [ RunTime:0.0002s ]
NOTIC: [8] Undefined index: user_avatar E:\wamp64\www\llx\Application\Home\Controller\IndexController.class.php 第 54 行.
INFO: [ app_end ] --START--
INFO: Run Behavior\ShowPageTraceBehavior [ RunTime:0.000401s ]
INFO: [ app_end ] --END-- [ RunTime:0.000483s ]

[ 2016-08-01T13:24:38+08:00 ] 127.0.0.1 /Home/index/login.html
INFO: [ app_begin ] --START--
INFO: Run Behavior\ReadHtmlCacheBehavior [ RunTime:0.000330s ]
INFO: [ app_begin ] --END-- [ RunTime:0.000613s ]
INFO: [ app_end ] --START--
INFO: Run Behavior\ShowPageTraceBehavior [ RunTime:0.000358s ]
INFO: [ app_end ] --END-- [ RunTime:0.000441s ]

[ 2016-08-01T13:24:42+08:00 ] 127.0.0.1 /Home/index/login.html
INFO: [ app_begin ] --START--
INFO: Run Behavior\ReadHtmlCacheBehavior [ RunTime:0.000335s ]
INFO: [ app_begin ] --END-- [ RunTime:0.000618s ]
SQL: SHOW COLUMNS FROM `lee_user` [ RunTime:0.0006s ]
SQL: SELECT * FROM `lee_user` WHERE ( username = 'levan' ) LIMIT 1   [ RunTime:0.0002s ]
NOTIC: [8] Undefined index: user_avatar E:\wamp64\www\llx\Application\Home\Controller\IndexController.class.php 第 54 行.
INFO: [ app_end ] --START--
INFO: Run Behavior\ShowPageTraceBehavior [ RunTime:0.000378s ]
INFO: [ app_end ] --END-- [ RunTime:0.000459s ]

