[ 2016-08-09T11:33:46+08:00 ] 127.0.0.1 /Home/Shop/get_some_shop/id/82812cdf3467dc968c1c9f06487fe2c6.html
INFO: [ app_begin ] --START--
INFO: Run Behavior\ReadHtmlCacheBehavior [ RunTime:0.000371s ]
INFO: [ app_begin ] --END-- [ RunTime:0.000675s ]
INFO: [ app_end ] --START--
INFO: Run Behavior\ShowPageTraceBehavior [ RunTime:0.000343s ]
INFO: [ app_end ] --END-- [ RunTime:0.000426s ]

[ 2016-08-09T11:33:59+08:00 ] 127.0.0.1 /Home/Shop/get_some_shop/id/82812cdf3467dc968c1c9f06487fe2c6.html
INFO: [ app_begin ] --START--
INFO: Run Behavior\ReadHtmlCacheBehavior [ RunTime:0.000336s ]
INFO: [ app_begin ] --END-- [ RunTime:0.000656s ]
INFO: [ app_end ] --START--
INFO: Run Behavior\ShowPageTraceBehavior [ RunTime:0.000351s ]
INFO: [ app_end ] --END-- [ RunTime:0.000440s ]

[ 2016-08-09T11:34:19+08:00 ] 127.0.0.1 /Home/Shop/get_some_shop/id/82812cdf3467dc968c1c9f06487fe2c6.html
INFO: [ app_begin ] --START--
INFO: Run Behavior\ReadHtmlCacheBehavior [ RunTime:0.000552s ]
INFO: [ app_begin ] --END-- [ RunTime:0.001023s ]
INFO: [ app_end ] --START--
INFO: Run Behavior\ShowPageTraceBehavior [ RunTime:0.000628s ]
INFO: [ app_end ] --END-- [ RunTime:0.000780s ]

[ 2016-08-09T11:48:27+08:00 ] 127.0.0.1 /Home/Shop/shop_list/id/82812cdf3467dc968c1c9f06487fe2c6.html/brand/5c26204a39cdb304aa9095f2c78884bc
ERR: 1064:You have an error in your SQL syntax; check the manual that corresponds to your MySQL server version for the right syntax to use near ') LIMIT 1' at line 1
 [ SQL语句 ] : SELECT * FROM `lee_shop_three` WHERE ( id =  ) LIMIT 1  

[ 2016-08-09T11:57:07+08:00 ] 127.0.0.1 /Home/Shop/shop_list/id/U('Shop/shop_list',array('id'=%3E$_GET[id],'brand'=%3E$this-%3Eencryption($v['id'])))
ERR: 1064:You have an error in your SQL syntax; check the manual that corresponds to your MySQL server version for the right syntax to use near ') LIMIT 1' at line 1
 [ SQL语句 ] : SELECT * FROM `lee_shop_three` WHERE ( id =  ) LIMIT 1  

[ 2016-08-09T11:57:16+08:00 ] 127.0.0.1 /Home/Shop/shop_list/id/U('Shop/shop_list',array('id'=%3E$_GET[id],'brand'=%3E$this-%3Eencryption($v['id']))
ERR: 1064:You have an error in your SQL syntax; check the manual that corresponds to your MySQL server version for the right syntax to use near ') LIMIT 1' at line 1
 [ SQL语句 ] : SELECT * FROM `lee_shop_three` WHERE ( id =  ) LIMIT 1  

[ 2016-08-09T12:02:52+08:00 ] 127.0.0.1 /Home/Shop/get_some_shop/id/f2dc69884892811ecf36d2f66c7c47c0
INFO: [ app_begin ] --START--
INFO: Run Behavior\ReadHtmlCacheBehavior [ RunTime:0.000334s ]
INFO: [ app_begin ] --END-- [ RunTime:0.000664s ]
ERR: 非法操作:get_some_shop

[ 2016-08-09T12:03:16+08:00 ] 127.0.0.1 /Home/Shop/get_some_shop/id/f2dc69884892811ecf36d2f66c7c47c0
INFO: [ app_begin ] --START--
INFO: Run Behavior\ReadHtmlCacheBehavior [ RunTime:0.000344s ]
INFO: [ app_begin ] --END-- [ RunTime:0.000633s ]
INFO: [ app_end ] --START--
INFO: Run Behavior\ShowPageTraceBehavior [ RunTime:0.000402s ]
INFO: [ app_end ] --END-- [ RunTime:0.000490s ]

[ 2016-08-09T12:03:31+08:00 ] 127.0.0.1 /Home/Shop/get_some_shop/id/f2dc69884892811ecf36d2f66c7c47c0
INFO: [ app_begin ] --START--
INFO: Run Behavior\ReadHtmlCacheBehavior [ RunTime:0.000340s ]
INFO: [ app_begin ] --END-- [ RunTime:0.000630s ]
INFO: [ app_end ] --START--
INFO: Run Behavior\ShowPageTraceBehavior [ RunTime:0.000378s ]
INFO: [ app_end ] --END-- [ RunTime:0.000470s ]

[ 2016-08-09T12:04:25+08:00 ] 127.0.0.1 /Home/Shop/get_some_shop/id/c8f6e1c9224266d6c893f88d7fcc1704
INFO: [ app_begin ] --START--
INFO: Run Behavior\ReadHtmlCacheBehavior [ RunTime:0.000411s ]
INFO: [ app_begin ] --END-- [ RunTime:0.000719s ]
INFO: [ app_end ] --START--
INFO: Run Behavior\ShowPageTraceBehavior [ RunTime:0.000357s ]
INFO: [ app_end ] --END-- [ RunTime:0.000434s ]

[ 2016-08-09T13:34:20+08:00 ] 127.0.0.1 /Home/Shop/get_some_shop/id/c8f6e1c9224266d6c893f88d7fcc1704
INFO: [ app_begin ] --START--
INFO: Run Behavior\ReadHtmlCacheBehavior [ RunTime:0.000369s ]
INFO: [ app_begin ] --END-- [ RunTime:0.000716s ]
INFO: [ app_end ] --START--
INFO: Run Behavior\ShowPageTraceBehavior [ RunTime:0.000414s ]
INFO: [ app_end ] --END-- [ RunTime:0.000494s ]

[ 2016-08-09T13:34:20+08:00 ] 127.0.0.1 /Home/Shop/shop_listArray
ERR: 非法操作:shop_listArray

[ 2016-08-09T13:34:35+08:00 ] 127.0.0.1 /Home/Shop/get_some_shop/id/c8f6e1c9224266d6c893f88d7fcc1704
INFO: [ app_begin ] --START--
INFO: Run Behavior\ReadHtmlCacheBehavior [ RunTime:0.000342s ]
INFO: [ app_begin ] --END-- [ RunTime:0.000644s ]
INFO: [ app_end ] --START--
INFO: Run Behavior\ShowPageTraceBehavior [ RunTime:0.000430s ]
INFO: [ app_end ] --END-- [ RunTime:0.000526s ]

[ 2016-08-09T13:34:35+08:00 ] 127.0.0.1 /Home/Shop/shop_listArray
ERR: 非法操作:shop_listArray

[ 2016-08-09T13:35:45+08:00 ] 127.0.0.1 /Home/Shop/get_some_shop/id/c8f6e1c9224266d6c893f88d7fcc1704
INFO: [ app_begin ] --START--
INFO: Run Behavior\ReadHtmlCacheBehavior [ RunTime:0.000346s ]
INFO: [ app_begin ] --END-- [ RunTime:0.000677s ]
INFO: [ app_end ] --START--
INFO: Run Behavior\ShowPageTraceBehavior [ RunTime:0.000626s ]
INFO: [ app_end ] --END-- [ RunTime:0.000752s ]

[ 2016-08-09T13:57:55+08:00 ] 127.0.0.1 /Home/Shop/get_some_shop/id/c8f6e1c9224266d6c893f88d7fcc1704
INFO: [ app_begin ] --START--
INFO: Run Behavior\ReadHtmlCacheBehavior [ RunTime:0.000459s ]
INFO: [ app_begin ] --END-- [ RunTime:0.000800s ]
INFO: [ app_end ] --START--
INFO: Run Behavior\ShowPageTraceBehavior [ RunTime:0.000451s ]
INFO: [ app_end ] --END-- [ RunTime:0.000537s ]

[ 2016-08-09T14:20:30+08:00 ] 127.0.0.1 /Home/Shop/shop_list/id/c8f6e1c9224266d6c893f88d7fcc1704/brand/c96a09bc7294d0248a05ca8cb53384f2/price/5c47285253306d1c625b007c511670b5/nc/1031b29e2762a5c360c9a9217545f9db/wl/3ab2587c936db6dc880081d8c82cd80c
ERR: 1064:You have an error in your SQL syntax; check the manual that corresponds to your MySQL server version for the right syntax to use near ') )' at line 1
 [ SQL语句 ] : SELECT * FROM `lee_shops` WHERE ( pid = 2 and sta = 1 and shop_brand_id = 1 and id in () ) 

[ 2016-08-09T14:20:53+08:00 ] 127.0.0.1 /Home/Shop/shop_list/id/c8f6e1c9224266d6c893f88d7fcc1704/brand/c96a09bc7294d0248a05ca8cb53384f2/price/5c47285253306d1c625b007c511670b5/nc/1031b29e2762a5c360c9a9217545f9db/wl/3ab2587c936db6dc880081d8c82cd80c
ERR: 1064:You have an error in your SQL syntax; check the manual that corresponds to your MySQL server version for the right syntax to use near ')' at line 1
 [ SQL语句 ] : SELECT * FROM `lee_shops` WHERE ( pid = 2 and sta = 1 and shop_brand_id = 1 and  ) 

[ 2016-08-09T14:21:06+08:00 ] 127.0.0.1 /Home/Shop/shop_list/id/c8f6e1c9224266d6c893f88d7fcc1704/brand/c96a09bc7294d0248a05ca8cb53384f2/price/5c47285253306d1c625b007c511670b5/nc/1031b29e2762a5c360c9a9217545f9db/wl/3ab2587c936db6dc880081d8c82cd80c
ERR: 1064:You have an error in your SQL syntax; check the manual that corresponds to your MySQL server version for the right syntax to use near ')' at line 1
 [ SQL语句 ] : SELECT * FROM `lee_shops` WHERE ( pid = 2 and sta = 1 and shop_brand_id = 1 and  ) 

[ 2016-08-09T14:21:07+08:00 ] 127.0.0.1 /Home/Shop/shop_list/id/c8f6e1c9224266d6c893f88d7fcc1704/brand/c96a09bc7294d0248a05ca8cb53384f2/price/5c47285253306d1c625b007c511670b5/nc/1031b29e2762a5c360c9a9217545f9db/wl/3ab2587c936db6dc880081d8c82cd80c
ERR: 1064:You have an error in your SQL syntax; check the manual that corresponds to your MySQL server version for the right syntax to use near ')' at line 1
 [ SQL语句 ] : SELECT * FROM `lee_shops` WHERE ( pid = 2 and sta = 1 and shop_brand_id = 1 and  ) 

[ 2016-08-09T14:22:17+08:00 ] 127.0.0.1 /Home/Shop/shop_list/id/c8f6e1c9224266d6c893f88d7fcc1704/brand/b4390ca486c49fa0027a89c5db825c32/price/2bc5755372603cd15805016c142756b0/nc/1031b29e2762a5c360c9a9217545f9db/wl/3ab2587c936db6dc880081d8c82cd80c
ERR: 1064:You have an error in your SQL syntax; check the manual that corresponds to your MySQL server version for the right syntax to use near ''' )' at line 1
 [ SQL语句 ] : SELECT * FROM `lee_shops` WHERE ( pid = 2 and sta = 1 and shop_brand_id = 1 and id in '' ) 

[ 2016-08-09T14:22:41+08:00 ] 127.0.0.1 /Home/Shop/shop_list/id/c8f6e1c9224266d6c893f88d7fcc1704/brand/85422950cb34080dc97caa2386f9ca4b/price/50f3889afe7f518e2745b46d854ae5f9/nc/1031b29e2762a5c360c9a9217545f9db/wl/88dc088c61b37898a20d5c23db6dc0c8
ERR: 1064:You have an error in your SQL syntax; check the manual that corresponds to your MySQL server version for the right syntax to use near ')' at line 1
 [ SQL语句 ] : SELECT * FROM `lee_shops` WHERE ( pid = 2 and sta = 1 and shop_brand_id = 1 and  ) 

[ 2016-08-09T14:28:45+08:00 ] 127.0.0.1 /Home/Shop/shop_list/id/c8f6e1c9224266d6c893f88d7fcc1704/brand/6ac990d8c239a483c4f57b0a58224b0c/price/29716544fabfe03fd75558f9e84588ea/nc/1031b29e2762a5c360c9a9217545f9db/wl/88dc088c61b37898a20d5c23db6dc0c8
ERR: 1064:You have an error in your SQL syntax; check the manual that corresponds to your MySQL server version for the right syntax to use near '%'移动'%' at line 1
 [ SQL语句 ] : select * from lee_shop_att where name like %'移动'%

[ 2016-08-09T14:29:16+08:00 ] 127.0.0.1 /Home/Shop/shop_list/id/c8f6e1c9224266d6c893f88d7fcc1704/brand/6ac990d8c239a483c4f57b0a58224b0c/price/29716544fabfe03fd75558f9e84588ea/nc/1031b29e2762a5c360c9a9217545f9db/wl/88dc088c61b37898a20d5c23db6dc0c8
ERR: 1064:You have an error in your SQL syntax; check the manual that corresponds to your MySQL server version for the right syntax to use near '%'移动'%' at line 1
 [ SQL语句 ] : select * from lee_shop_att where name like %'移动'%

[ 2016-08-09T14:30:54+08:00 ] 127.0.0.1 /Home/Shop/shop_list/id/c8f6e1c9224266d6c893f88d7fcc1704/brand/6ac990d8c239a483c4f57b0a58224b0c/price/29716544fabfe03fd75558f9e84588ea/nc/1031b29e2762a5c360c9a9217545f9db/wl/88dc088c61b37898a20d5c23db6dc0c8
ERR: 1054:Unknown column 'shop_type' in 'where clause'
 [ SQL语句 ] : select id from lee_shops where shop_type like '%7%'

[ 2016-08-09T14:47:37+08:00 ] 127.0.0.1 /Home/Shop/shop_list/id/c8f6e1c9224266d6c893f88d7fcc1704/price/9d3923cd981045b2048f433fe21bcd30/nc/dfe22a1295079357a91b45016cc2b936/wl/cb14af7fce529625e28d0e4e9b8a77fc
ERR: 1064:You have an error in your SQL syntax; check the manual that corresponds to your MySQL server version for the right syntax to use near 'and id in (4,9) and id in (2,4,9) and id in (4,2) )' at line 1
 [ SQL语句 ] : SELECT * FROM `lee_shops` WHERE ( pid = 2 and sta = 1 and  and id in (4,9) and id in (2,4,9) and id in (4,2) ) 

[ 2016-08-09T14:49:08+08:00 ] 127.0.0.1 /Home/Shop/shop_list/id/c8f6e1c9224266d6c893f88d7fcc1704/brand/09c7493c8cf40aa2a58db09b24268c53/nc/dfe22a1295079357a91b45016cc2b936/wl/cb14af7fce529625e28d0e4e9b8a77fc
ERR: 1064:You have an error in your SQL syntax; check the manual that corresponds to your MySQL server version for the right syntax to use near 'and id in (2,4,9) and id in (4,2) )' at line 1
 [ SQL语句 ] : SELECT * FROM `lee_shops` WHERE ( pid = 2 and sta = 1 and shop_brand_id = 1 and  and id in (2,4,9) and id in (4,2) ) 

[ 2016-08-09T15:56:09+08:00 ] 127.0.0.1 /Home/Shop/get_shop_type/id/ca6514e2bc758acf6c1edc2d24a7edcf
INFO: [ app_begin ] --START--
INFO: Run Behavior\ReadHtmlCacheBehavior [ RunTime:0.000336s ]
INFO: [ app_begin ] --END-- [ RunTime:0.000629s ]
SQL: SHOW COLUMNS FROM `lee_shops_type` [ RunTime:0.0005s ]
SQL: SELECT * FROM `lee_shops_type` WHERE ( shop_type = '36,39,41' and pid = 9 ) LIMIT 1   [ RunTime:0.0003s ]
INFO: [ app_end ] --START--
INFO: Run Behavior\ShowPageTraceBehavior [ RunTime:0.000515s ]
INFO: [ app_end ] --END-- [ RunTime:0.000611s ]

[ 2016-08-09T15:56:10+08:00 ] 127.0.0.1 /Home/Shop/get_shop_type/id/ca6514e2bc758acf6c1edc2d24a7edcf
INFO: [ app_begin ] --START--
INFO: Run Behavior\ReadHtmlCacheBehavior [ RunTime:0.000334s ]
INFO: [ app_begin ] --END-- [ RunTime:0.000632s ]
SQL: SHOW COLUMNS FROM `lee_shops_type` [ RunTime:0.0005s ]
SQL: SELECT * FROM `lee_shops_type` WHERE ( shop_type = '38,39,41' and pid = 9 ) LIMIT 1   [ RunTime:0.0003s ]
INFO: [ app_end ] --START--
INFO: Run Behavior\ShowPageTraceBehavior [ RunTime:0.000515s ]
INFO: [ app_end ] --END-- [ RunTime:0.000601s ]

[ 2016-08-09T15:56:11+08:00 ] 127.0.0.1 /Home/Shop/get_shop_type/id/ca6514e2bc758acf6c1edc2d24a7edcf
INFO: [ app_begin ] --START--
INFO: Run Behavior\ReadHtmlCacheBehavior [ RunTime:0.000336s ]
INFO: [ app_begin ] --END-- [ RunTime:0.000622s ]
SQL: SHOW COLUMNS FROM `lee_shops_type` [ RunTime:0.0005s ]
SQL: SELECT * FROM `lee_shops_type` WHERE ( shop_type = '38,40,41' and pid = 9 ) LIMIT 1   [ RunTime:0.0003s ]
INFO: [ app_end ] --START--
INFO: Run Behavior\ShowPageTraceBehavior [ RunTime:0.000576s ]
INFO: [ app_end ] --END-- [ RunTime:0.000667s ]

[ 2016-08-09T15:56:11+08:00 ] 127.0.0.1 /Home/Shop/get_shop_type/id/ca6514e2bc758acf6c1edc2d24a7edcf
INFO: [ app_begin ] --START--
INFO: Run Behavior\ReadHtmlCacheBehavior [ RunTime:0.000353s ]
INFO: [ app_begin ] --END-- [ RunTime:0.000683s ]
SQL: SHOW COLUMNS FROM `lee_shops_type` [ RunTime:0.0005s ]
SQL: SELECT * FROM `lee_shops_type` WHERE ( shop_type = '38,40,42' and pid = 9 ) LIMIT 1   [ RunTime:0.0003s ]
INFO: [ app_end ] --START--
INFO: Run Behavior\ShowPageTraceBehavior [ RunTime:0.000506s ]
INFO: [ app_end ] --END-- [ RunTime:0.000591s ]

[ 2016-08-09T15:56:11+08:00 ] 127.0.0.1 /Home/Shop/get_shop_type/id/ca6514e2bc758acf6c1edc2d24a7edcf
INFO: [ app_begin ] --START--
INFO: Run Behavior\ReadHtmlCacheBehavior [ RunTime:0.000338s ]
INFO: [ app_begin ] --END-- [ RunTime:0.000624s ]
SQL: SHOW COLUMNS FROM `lee_shops_type` [ RunTime:0.0005s ]
SQL: SELECT * FROM `lee_shops_type` WHERE ( shop_type = '38,40,43' and pid = 9 ) LIMIT 1   [ RunTime:0.0003s ]
INFO: [ app_end ] --START--
INFO: Run Behavior\ShowPageTraceBehavior [ RunTime:0.000446s ]
INFO: [ app_end ] --END-- [ RunTime:0.000538s ]

[ 2016-08-09T15:56:12+08:00 ] 127.0.0.1 /Home/Shop/get_shop_type/id/ca6514e2bc758acf6c1edc2d24a7edcf
INFO: [ app_begin ] --START--
INFO: Run Behavior\ReadHtmlCacheBehavior [ RunTime:0.000347s ]
INFO: [ app_begin ] --END-- [ RunTime:0.000634s ]
SQL: SHOW COLUMNS FROM `lee_shops_type` [ RunTime:0.0005s ]
SQL: SELECT * FROM `lee_shops_type` WHERE ( shop_type = '37,40,43' and pid = 9 ) LIMIT 1   [ RunTime:0.0003s ]
INFO: [ app_end ] --START--
INFO: Run Behavior\ShowPageTraceBehavior [ RunTime:0.000529s ]
INFO: [ app_end ] --END-- [ RunTime:0.000615s ]

[ 2016-08-09T15:56:12+08:00 ] 127.0.0.1 /Home/Shop/get_shop_type/id/ca6514e2bc758acf6c1edc2d24a7edcf
INFO: [ app_begin ] --START--
INFO: Run Behavior\ReadHtmlCacheBehavior [ RunTime:0.000337s ]
INFO: [ app_begin ] --END-- [ RunTime:0.000629s ]
SQL: SHOW COLUMNS FROM `lee_shops_type` [ RunTime:0.0004s ]
SQL: SELECT * FROM `lee_shops_type` WHERE ( shop_type = '37,39,43' and pid = 9 ) LIMIT 1   [ RunTime:0.0002s ]
INFO: [ app_end ] --START--
INFO: Run Behavior\ShowPageTraceBehavior [ RunTime:0.000483s ]
INFO: [ app_end ] --END-- [ RunTime:0.000563s ]

[ 2016-08-09T15:56:13+08:00 ] 127.0.0.1 /Home/Shop/get_shop_type/id/ca6514e2bc758acf6c1edc2d24a7edcf
INFO: [ app_begin ] --START--
INFO: Run Behavior\ReadHtmlCacheBehavior [ RunTime:0.000358s ]
INFO: [ app_begin ] --END-- [ RunTime:0.000671s ]
SQL: SHOW COLUMNS FROM `lee_shops_type` [ RunTime:0.0005s ]
SQL: SELECT * FROM `lee_shops_type` WHERE ( shop_type = '37,39,41' and pid = 9 ) LIMIT 1   [ RunTime:0.0003s ]
INFO: [ app_end ] --START--
INFO: Run Behavior\ShowPageTraceBehavior [ RunTime:0.000497s ]
INFO: [ app_end ] --END-- [ RunTime:0.000583s ]

[ 2016-08-09T15:56:14+08:00 ] 127.0.0.1 /Home/Shop/get_shop_type/id/ca6514e2bc758acf6c1edc2d24a7edcf
INFO: [ app_begin ] --START--
INFO: Run Behavior\ReadHtmlCacheBehavior [ RunTime:0.000331s ]
INFO: [ app_begin ] --END-- [ RunTime:0.000627s ]
SQL: SHOW COLUMNS FROM `lee_shops_type` [ RunTime:0.0005s ]
SQL: SELECT * FROM `lee_shops_type` WHERE ( shop_type = '36,39,41' and pid = 9 ) LIMIT 1   [ RunTime:0.0002s ]
INFO: [ app_end ] --START--
INFO: Run Behavior\ShowPageTraceBehavior [ RunTime:0.000485s ]
INFO: [ app_end ] --END-- [ RunTime:0.000563s ]

[ 2016-08-09T15:56:15+08:00 ] 127.0.0.1 /Home/Shop/get_shop_type/id/ca6514e2bc758acf6c1edc2d24a7edcf
INFO: [ app_begin ] --START--
INFO: Run Behavior\ReadHtmlCacheBehavior [ RunTime:0.000344s ]
INFO: [ app_begin ] --END-- [ RunTime:0.000644s ]
SQL: SHOW COLUMNS FROM `lee_shops_type` [ RunTime:0.0005s ]
SQL: SELECT * FROM `lee_shops_type` WHERE ( shop_type = '38,39,41' and pid = 9 ) LIMIT 1   [ RunTime:0.0003s ]
INFO: [ app_end ] --START--
INFO: Run Behavior\ShowPageTraceBehavior [ RunTime:0.000509s ]
INFO: [ app_end ] --END-- [ RunTime:0.000593s ]

[ 2016-08-09T15:56:15+08:00 ] 127.0.0.1 /Home/Shop/get_shop_type/id/ca6514e2bc758acf6c1edc2d24a7edcf
INFO: [ app_begin ] --START--
INFO: Run Behavior\ReadHtmlCacheBehavior [ RunTime:0.000562s ]
INFO: [ app_begin ] --END-- [ RunTime:0.000831s ]
SQL: SHOW COLUMNS FROM `lee_shops_type` [ RunTime:0.0005s ]
SQL: SELECT * FROM `lee_shops_type` WHERE ( shop_type = '37,39,41' and pid = 9 ) LIMIT 1   [ RunTime:0.0003s ]
INFO: [ app_end ] --START--
INFO: Run Behavior\ShowPageTraceBehavior [ RunTime:0.000420s ]
INFO: [ app_end ] --END-- [ RunTime:0.000499s ]

[ 2016-08-09T15:56:16+08:00 ] 127.0.0.1 /Home/Shop/get_shop_type/id/ca6514e2bc758acf6c1edc2d24a7edcf
INFO: [ app_begin ] --START--
INFO: Run Behavior\ReadHtmlCacheBehavior [ RunTime:0.000315s ]
INFO: [ app_begin ] --END-- [ RunTime:0.000586s ]
SQL: SHOW COLUMNS FROM `lee_shops_type` [ RunTime:0.0005s ]
SQL: SELECT * FROM `lee_shops_type` WHERE ( shop_type = '36,39,41' and pid = 9 ) LIMIT 1   [ RunTime:0.0002s ]
INFO: [ app_end ] --START--
INFO: Run Behavior\ShowPageTraceBehavior [ RunTime:0.000449s ]
INFO: [ app_end ] --END-- [ RunTime:0.000535s ]

[ 2016-08-09T15:56:17+08:00 ] 127.0.0.1 /Home/Shop/get_shop_type/id/ca6514e2bc758acf6c1edc2d24a7edcf
INFO: [ app_begin ] --START--
INFO: Run Behavior\ReadHtmlCacheBehavior [ RunTime:0.000347s ]
INFO: [ app_begin ] --END-- [ RunTime:0.000634s ]
SQL: SHOW COLUMNS FROM `lee_shops_type` [ RunTime:0.0005s ]
SQL: SELECT * FROM `lee_shops_type` WHERE ( shop_type = '37,39,41' and pid = 9 ) LIMIT 1   [ RunTime:0.0003s ]
INFO: [ app_end ] --START--
INFO: Run Behavior\ShowPageTraceBehavior [ RunTime:0.000491s ]
INFO: [ app_end ] --END-- [ RunTime:0.000577s ]

[ 2016-08-09T15:56:18+08:00 ] 127.0.0.1 /Home/Shop/get_shop_type/id/ca6514e2bc758acf6c1edc2d24a7edcf
INFO: [ app_begin ] --START--
INFO: Run Behavior\ReadHtmlCacheBehavior [ RunTime:0.000345s ]
INFO: [ app_begin ] --END-- [ RunTime:0.000632s ]
SQL: SHOW COLUMNS FROM `lee_shops_type` [ RunTime:0.0004s ]
SQL: SELECT * FROM `lee_shops_type` WHERE ( shop_type = '38,39,41' and pid = 9 ) LIMIT 1   [ RunTime:0.0002s ]
INFO: [ app_end ] --START--
INFO: Run Behavior\ShowPageTraceBehavior [ RunTime:0.000481s ]
INFO: [ app_end ] --END-- [ RunTime:0.000557s ]

[ 2016-08-09T16:07:12+08:00 ] 127.0.0.1 /Home/Shop/get_shop_type/id/f2d4cd698c629731668cc470ffe8281c
INFO: [ app_begin ] --START--
INFO: Run Behavior\ReadHtmlCacheBehavior [ RunTime:0.000468s ]
INFO: [ app_begin ] --END-- [ RunTime:0.000808s ]
SQL: SHOW COLUMNS FROM `lee_shops_type` [ RunTime:0.0005s ]
SQL: SELECT * FROM `lee_shops_type` WHERE ( shop_type = '2,6,9' and pid = 2 ) LIMIT 1   [ RunTime:0.0002s ]
INFO: [ app_end ] --START--
INFO: Run Behavior\ShowPageTraceBehavior [ RunTime:0.000536s ]
INFO: [ app_end ] --END-- [ RunTime:0.000621s ]

[ 2016-08-09T16:07:12+08:00 ] 127.0.0.1 /Home/Shop/get_shop_type/id/f2d4cd698c629731668cc470ffe8281c
INFO: [ app_begin ] --START--
INFO: Run Behavior\ReadHtmlCacheBehavior [ RunTime:0.000336s ]
INFO: [ app_begin ] --END-- [ RunTime:0.000628s ]
SQL: SHOW COLUMNS FROM `lee_shops_type` [ RunTime:0.0005s ]
SQL: SELECT * FROM `lee_shops_type` WHERE ( shop_type = '1,6,9' and pid = 2 ) LIMIT 1   [ RunTime:0.0002s ]
INFO: [ app_end ] --START--
INFO: Run Behavior\ShowPageTraceBehavior [ RunTime:0.000500s ]
INFO: [ app_end ] --END-- [ RunTime:0.000585s ]

[ 2016-08-09T16:07:13+08:00 ] 127.0.0.1 /Home/Shop/get_shop_type/id/f2d4cd698c629731668cc470ffe8281c
INFO: [ app_begin ] --START--
INFO: Run Behavior\ReadHtmlCacheBehavior [ RunTime:0.000334s ]
INFO: [ app_begin ] --END-- [ RunTime:0.000692s ]
SQL: SHOW COLUMNS FROM `lee_shops_type` [ RunTime:0.0004s ]
SQL: SELECT * FROM `lee_shops_type` WHERE ( shop_type = '3,6,9' and pid = 2 ) LIMIT 1   [ RunTime:0.0002s ]
INFO: [ app_end ] --START--
INFO: Run Behavior\ShowPageTraceBehavior [ RunTime:0.000435s ]
INFO: [ app_end ] --END-- [ RunTime:0.000521s ]

[ 2016-08-09T16:07:13+08:00 ] 127.0.0.1 /Home/Shop/get_shop_type/id/f2d4cd698c629731668cc470ffe8281c
INFO: [ app_begin ] --START--
INFO: Run Behavior\ReadHtmlCacheBehavior [ RunTime:0.000335s ]
INFO: [ app_begin ] --END-- [ RunTime:0.000626s ]
SQL: SHOW COLUMNS FROM `lee_shops_type` [ RunTime:0.0004s ]
SQL: SELECT * FROM `lee_shops_type` WHERE ( shop_type = '2,6,9' and pid = 2 ) LIMIT 1   [ RunTime:0.0002s ]
INFO: [ app_end ] --START--
INFO: Run Behavior\ShowPageTraceBehavior [ RunTime:0.000453s ]
INFO: [ app_end ] --END-- [ RunTime:0.000537s ]

[ 2016-08-09T16:07:14+08:00 ] 127.0.0.1 /Home/Shop/get_shop_type/id/f2d4cd698c629731668cc470ffe8281c
INFO: [ app_begin ] --START--
INFO: Run Behavior\ReadHtmlCacheBehavior [ RunTime:0.000347s ]
INFO: [ app_begin ] --END-- [ RunTime:0.000702s ]
SQL: SHOW COLUMNS FROM `lee_shops_type` [ RunTime:0.0005s ]
SQL: SELECT * FROM `lee_shops_type` WHERE ( shop_type = '2,7,9' and pid = 2 ) LIMIT 1   [ RunTime:0.0002s ]
INFO: [ app_end ] --START--
INFO: Run Behavior\ShowPageTraceBehavior [ RunTime:0.000481s ]
INFO: [ app_end ] --END-- [ RunTime:0.000566s ]

[ 2016-08-09T16:07:14+08:00 ] 127.0.0.1 /Home/Shop/get_shop_type/id/f2d4cd698c629731668cc470ffe8281c
INFO: [ app_begin ] --START--
INFO: Run Behavior\ReadHtmlCacheBehavior [ RunTime:0.000341s ]
INFO: [ app_begin ] --END-- [ RunTime:0.000654s ]
SQL: SHOW COLUMNS FROM `lee_shops_type` [ RunTime:0.0006s ]
SQL: SELECT * FROM `lee_shops_type` WHERE ( shop_type = '2,7,10' and pid = 2 ) LIMIT 1   [ RunTime:0.0002s ]
INFO: [ app_end ] --START--
INFO: Run Behavior\ShowPageTraceBehavior [ RunTime:0.000499s ]
INFO: [ app_end ] --END-- [ RunTime:0.000584s ]

[ 2016-08-09T16:07:14+08:00 ] 127.0.0.1 /Home/Shop/get_shop_type/id/f2d4cd698c629731668cc470ffe8281c
INFO: [ app_begin ] --START--
INFO: Run Behavior\ReadHtmlCacheBehavior [ RunTime:0.000331s ]
INFO: [ app_begin ] --END-- [ RunTime:0.000615s ]
SQL: SHOW COLUMNS FROM `lee_shops_type` [ RunTime:0.0005s ]
SQL: SELECT * FROM `lee_shops_type` WHERE ( shop_type = '2,6,10' and pid = 2 ) LIMIT 1   [ RunTime:0.0002s ]
INFO: [ app_end ] --START--
INFO: Run Behavior\ShowPageTraceBehavior [ RunTime:0.000502s ]
INFO: [ app_end ] --END-- [ RunTime:0.000588s ]

[ 2016-08-09T16:07:15+08:00 ] 127.0.0.1 /Home/Shop/get_shop_type/id/f2d4cd698c629731668cc470ffe8281c
INFO: [ app_begin ] --START--
INFO: Run Behavior\ReadHtmlCacheBehavior [ RunTime:0.000354s ]
INFO: [ app_begin ] --END-- [ RunTime:0.000691s ]
SQL: SHOW COLUMNS FROM `lee_shops_type` [ RunTime:0.0004s ]
SQL: SELECT * FROM `lee_shops_type` WHERE ( shop_type = '2,5,10' and pid = 2 ) LIMIT 1   [ RunTime:0.0002s ]
INFO: [ app_end ] --START--
INFO: Run Behavior\ShowPageTraceBehavior [ RunTime:0.000494s ]
INFO: [ app_end ] --END-- [ RunTime:0.000578s ]

[ 2016-08-09T16:07:15+08:00 ] 127.0.0.1 /Home/Shop/get_shop_type/id/f2d4cd698c629731668cc470ffe8281c
INFO: [ app_begin ] --START--
INFO: Run Behavior\ReadHtmlCacheBehavior [ RunTime:0.000338s ]
INFO: [ app_begin ] --END-- [ RunTime:0.000622s ]
SQL: SHOW COLUMNS FROM `lee_shops_type` [ RunTime:0.0004s ]
SQL: SELECT * FROM `lee_shops_type` WHERE ( shop_type = '2,5,8' and pid = 2 ) LIMIT 1   [ RunTime:0.0002s ]
INFO: [ app_end ] --START--
INFO: Run Behavior\ShowPageTraceBehavior [ RunTime:0.000456s ]
INFO: [ app_end ] --END-- [ RunTime:0.000541s ]

[ 2016-08-09T17:34:30+08:00 ] 127.0.0.1 /Home/Shop/get_shop_type/id/191f9286671aeb2f7d71275473fcaa82
INFO: [ app_begin ] --START--
INFO: Run Behavior\ReadHtmlCacheBehavior [ RunTime:0.000312s ]
INFO: [ app_begin ] --END-- [ RunTime:0.000580s ]
SQL: SHOW COLUMNS FROM `lee_shops_type` [ RunTime:0.0006s ]
SQL: SELECT * FROM `lee_shops_type` WHERE ( shop_type = '31,28,33' and pid = 4 ) LIMIT 1   [ RunTime:0.0003s ]
INFO: [ app_end ] --START--
INFO: Run Behavior\ShowPageTraceBehavior [ RunTime:0.000510s ]
INFO: [ app_end ] --END-- [ RunTime:0.000596s ]

[ 2016-08-09T17:34:43+08:00 ] 127.0.0.1 /Home/Shop/get_shop_type/id/191f9286671aeb2f7d71275473fcaa82
INFO: [ app_begin ] --START--
INFO: Run Behavior\ReadHtmlCacheBehavior [ RunTime:0.000342s ]
INFO: [ app_begin ] --END-- [ RunTime:0.000664s ]
SQL: SHOW COLUMNS FROM `lee_shops_type` [ RunTime:0.0007s ]
SQL: SELECT * FROM `lee_shops_type` WHERE ( shop_type = '31,28,33' and pid = 4 ) LIMIT 1   [ RunTime:0.0002s ]
INFO: [ app_end ] --START--
INFO: Run Behavior\ShowPageTraceBehavior [ RunTime:0.000452s ]
INFO: [ app_end ] --END-- [ RunTime:0.000542s ]

[ 2016-08-09T17:34:44+08:00 ] 127.0.0.1 /Home/Shop/get_shop_type/id/191f9286671aeb2f7d71275473fcaa82
INFO: [ app_begin ] --START--
INFO: Run Behavior\ReadHtmlCacheBehavior [ RunTime:0.000350s ]
INFO: [ app_begin ] --END-- [ RunTime:0.000715s ]
SQL: SHOW COLUMNS FROM `lee_shops_type` [ RunTime:0.0005s ]
SQL: SELECT * FROM `lee_shops_type` WHERE ( shop_type = '31,28,33' and pid = 4 ) LIMIT 1   [ RunTime:0.0002s ]
INFO: [ app_end ] --START--
INFO: Run Behavior\ShowPageTraceBehavior [ RunTime:0.000486s ]
INFO: [ app_end ] --END-- [ RunTime:0.000571s ]

[ 2016-08-09T17:34:44+08:00 ] 127.0.0.1 /Home/Shop/get_shop_type/id/191f9286671aeb2f7d71275473fcaa82
INFO: [ app_begin ] --START--
INFO: Run Behavior\ReadHtmlCacheBehavior [ RunTime:0.000339s ]
INFO: [ app_begin ] --END-- [ RunTime:0.000673s ]
SQL: SHOW COLUMNS FROM `lee_shops_type` [ RunTime:0.0005s ]
SQL: SELECT * FROM `lee_shops_type` WHERE ( shop_type = '31,28,33' and pid = 4 ) LIMIT 1   [ RunTime:0.0002s ]
INFO: [ app_end ] --START--
INFO: Run Behavior\ShowPageTraceBehavior [ RunTime:0.000453s ]
INFO: [ app_end ] --END-- [ RunTime:0.000538s ]

[ 2016-08-09T17:34:44+08:00 ] 127.0.0.1 /Home/Shop/get_shop_type/id/191f9286671aeb2f7d71275473fcaa82
INFO: [ app_begin ] --START--
INFO: Run Behavior\ReadHtmlCacheBehavior [ RunTime:0.000373s ]
INFO: [ app_begin ] --END-- [ RunTime:0.000738s ]
SQL: SHOW COLUMNS FROM `lee_shops_type` [ RunTime:0.0005s ]
SQL: SELECT * FROM `lee_shops_type` WHERE ( shop_type = '31,28,34' and pid = 4 ) LIMIT 1   [ RunTime:0.0002s ]
INFO: [ app_end ] --START--
INFO: Run Behavior\ShowPageTraceBehavior [ RunTime:0.000494s ]
INFO: [ app_end ] --END-- [ RunTime:0.000579s ]

[ 2016-08-09T17:34:45+08:00 ] 127.0.0.1 /Home/Shop/get_shop_type/id/191f9286671aeb2f7d71275473fcaa82
INFO: [ app_begin ] --START--
INFO: Run Behavior\ReadHtmlCacheBehavior [ RunTime:0.000330s ]
INFO: [ app_begin ] --END-- [ RunTime:0.000665s ]
SQL: SHOW COLUMNS FROM `lee_shops_type` [ RunTime:0.0005s ]
SQL: SELECT * FROM `lee_shops_type` WHERE ( shop_type = '31,28,33' and pid = 4 ) LIMIT 1   [ RunTime:0.0002s ]
INFO: [ app_end ] --START--
INFO: Run Behavior\ShowPageTraceBehavior [ RunTime:0.000510s ]
INFO: [ app_end ] --END-- [ RunTime:0.000598s ]

[ 2016-08-09T17:34:45+08:00 ] 127.0.0.1 /Home/Shop/get_shop_type/id/191f9286671aeb2f7d71275473fcaa82
INFO: [ app_begin ] --START--
INFO: Run Behavior\ReadHtmlCacheBehavior [ RunTime:0.000334s ]
INFO: [ app_begin ] --END-- [ RunTime:0.000661s ]
SQL: SHOW COLUMNS FROM `lee_shops_type` [ RunTime:0.0005s ]
SQL: SELECT * FROM `lee_shops_type` WHERE ( shop_type = '31,28,34' and pid = 4 ) LIMIT 1   [ RunTime:0.0002s ]
INFO: [ app_end ] --START--
INFO: Run Behavior\ShowPageTraceBehavior [ RunTime:0.000506s ]
INFO: [ app_end ] --END-- [ RunTime:0.000591s ]

[ 2016-08-09T17:34:45+08:00 ] 127.0.0.1 /Home/Shop/get_shop_type/id/191f9286671aeb2f7d71275473fcaa82
INFO: [ app_begin ] --START--
INFO: Run Behavior\ReadHtmlCacheBehavior [ RunTime:0.000403s ]
INFO: [ app_begin ] --END-- [ RunTime:0.000773s ]
SQL: SHOW COLUMNS FROM `lee_shops_type` [ RunTime:0.0004s ]
SQL: SELECT * FROM `lee_shops_type` WHERE ( shop_type = '31,28,33' and pid = 4 ) LIMIT 1   [ RunTime:0.0002s ]
INFO: [ app_end ] --START--
INFO: Run Behavior\ShowPageTraceBehavior [ RunTime:0.000524s ]
INFO: [ app_end ] --END-- [ RunTime:0.000612s ]

[ 2016-08-09T17:34:46+08:00 ] 127.0.0.1 /Home/Shop/get_shop_type/id/191f9286671aeb2f7d71275473fcaa82
INFO: [ app_begin ] --START--
INFO: Run Behavior\ReadHtmlCacheBehavior [ RunTime:0.000337s ]
INFO: [ app_begin ] --END-- [ RunTime:0.000671s ]
SQL: SHOW COLUMNS FROM `lee_shops_type` [ RunTime:0.0005s ]
SQL: SELECT * FROM `lee_shops_type` WHERE ( shop_type = '31,28,34' and pid = 4 ) LIMIT 1   [ RunTime:0.0002s ]
INFO: [ app_end ] --START--
INFO: Run Behavior\ShowPageTraceBehavior [ RunTime:0.000515s ]
INFO: [ app_end ] --END-- [ RunTime:0.000604s ]

[ 2016-08-09T17:34:46+08:00 ] 127.0.0.1 /Home/Shop/get_shop_type/id/191f9286671aeb2f7d71275473fcaa82
INFO: [ app_begin ] --START--
INFO: Run Behavior\ReadHtmlCacheBehavior [ RunTime:0.000383s ]
INFO: [ app_begin ] --END-- [ RunTime:0.000759s ]
SQL: SHOW COLUMNS FROM `lee_shops_type` [ RunTime:0.0005s ]
SQL: SELECT * FROM `lee_shops_type` WHERE ( shop_type = '31,28,35' and pid = 4 ) LIMIT 1   [ RunTime:0.0002s ]
INFO: [ app_end ] --START--
INFO: Run Behavior\ShowPageTraceBehavior [ RunTime:0.000500s ]
INFO: [ app_end ] --END-- [ RunTime:0.000585s ]

[ 2016-08-09T17:34:46+08:00 ] 127.0.0.1 /Home/Shop/get_shop_type/id/191f9286671aeb2f7d71275473fcaa82
INFO: [ app_begin ] --START--
INFO: Run Behavior\ReadHtmlCacheBehavior [ RunTime:0.000334s ]
INFO: [ app_begin ] --END-- [ RunTime:0.000665s ]
SQL: SHOW COLUMNS FROM `lee_shops_type` [ RunTime:0.0004s ]
SQL: SELECT * FROM `lee_shops_type` WHERE ( shop_type = '31,28,34' and pid = 4 ) LIMIT 1   [ RunTime:0.0002s ]
INFO: [ app_end ] --START--
INFO: Run Behavior\ShowPageTraceBehavior [ RunTime:0.000428s ]
INFO: [ app_end ] --END-- [ RunTime:0.000512s ]

[ 2016-08-09T17:34:46+08:00 ] 127.0.0.1 /Home/Shop/get_shop_type/id/191f9286671aeb2f7d71275473fcaa82
INFO: [ app_begin ] --START--
INFO: Run Behavior\ReadHtmlCacheBehavior [ RunTime:0.000334s ]
INFO: [ app_begin ] --END-- [ RunTime:0.000661s ]
SQL: SHOW COLUMNS FROM `lee_shops_type` [ RunTime:0.0004s ]
SQL: SELECT * FROM `lee_shops_type` WHERE ( shop_type = '31,28,33' and pid = 4 ) LIMIT 1   [ RunTime:0.0002s ]
INFO: [ app_end ] --START--
INFO: Run Behavior\ShowPageTraceBehavior [ RunTime:0.000497s ]
INFO: [ app_end ] --END-- [ RunTime:0.000582s ]

[ 2016-08-09T17:37:03+08:00 ] 127.0.0.1 /Home/Shop/get_shop_type/id/191f9286671aeb2f7d71275473fcaa82
INFO: [ app_begin ] --START--
INFO: Run Behavior\ReadHtmlCacheBehavior [ RunTime:0.000338s ]
INFO: [ app_begin ] --END-- [ RunTime:0.000636s ]
SQL: SHOW COLUMNS FROM `lee_shops_type` [ RunTime:0.0006s ]
SQL: SELECT * FROM `lee_shops_type` WHERE ( shop_type = '31,28,34' and pid = 4 ) LIMIT 1   [ RunTime:0.0004s ]
INFO: [ app_end ] --START--
INFO: Run Behavior\ShowPageTraceBehavior [ RunTime:0.000552s ]
INFO: [ app_end ] --END-- [ RunTime:0.000649s ]

[ 2016-08-09T17:37:03+08:00 ] 127.0.0.1 /Home/Shop/get_shop_type/id/191f9286671aeb2f7d71275473fcaa82
INFO: [ app_begin ] --START--
INFO: Run Behavior\ReadHtmlCacheBehavior [ RunTime:0.000330s ]
INFO: [ app_begin ] --END-- [ RunTime:0.000616s ]
SQL: SHOW COLUMNS FROM `lee_shops_type` [ RunTime:0.0005s ]
SQL: SELECT * FROM `lee_shops_type` WHERE ( shop_type = '31,28,33' and pid = 4 ) LIMIT 1   [ RunTime:0.0003s ]
INFO: [ app_end ] --START--
INFO: Run Behavior\ShowPageTraceBehavior [ RunTime:0.000484s ]
INFO: [ app_end ] --END-- [ RunTime:0.000567s ]

[ 2016-08-09T17:37:04+08:00 ] 127.0.0.1 /Home/Shop/get_shop_type/id/191f9286671aeb2f7d71275473fcaa82
INFO: [ app_begin ] --START--
INFO: Run Behavior\ReadHtmlCacheBehavior [ RunTime:0.000328s ]
INFO: [ app_begin ] --END-- [ RunTime:0.000624s ]
SQL: SHOW COLUMNS FROM `lee_shops_type` [ RunTime:0.0005s ]
SQL: SELECT * FROM `lee_shops_type` WHERE ( shop_type = '31,28,33' and pid = 4 ) LIMIT 1   [ RunTime:0.0002s ]
INFO: [ app_end ] --START--
INFO: Run Behavior\ShowPageTraceBehavior [ RunTime:0.000507s ]
INFO: [ app_end ] --END-- [ RunTime:0.000593s ]

[ 2016-08-09T17:37:04+08:00 ] 127.0.0.1 /Home/Shop/get_shop_type/id/191f9286671aeb2f7d71275473fcaa82
INFO: [ app_begin ] --START--
INFO: Run Behavior\ReadHtmlCacheBehavior [ RunTime:0.000343s ]
INFO: [ app_begin ] --END-- [ RunTime:0.000630s ]
SQL: SHOW COLUMNS FROM `lee_shops_type` [ RunTime:0.0004s ]
SQL: SELECT * FROM `lee_shops_type` WHERE ( shop_type = '31,28,35' and pid = 4 ) LIMIT 1   [ RunTime:0.0002s ]
INFO: [ app_end ] --START--
INFO: Run Behavior\ShowPageTraceBehavior [ RunTime:0.000459s ]
INFO: [ app_end ] --END-- [ RunTime:0.000543s ]

[ 2016-08-09T17:37:04+08:00 ] 127.0.0.1 /Home/Shop/get_shop_type/id/191f9286671aeb2f7d71275473fcaa82
INFO: [ app_begin ] --START--
INFO: Run Behavior\ReadHtmlCacheBehavior [ RunTime:0.000334s ]
INFO: [ app_begin ] --END-- [ RunTime:0.000631s ]
SQL: SHOW COLUMNS FROM `lee_shops_type` [ RunTime:0.0005s ]
SQL: SELECT * FROM `lee_shops_type` WHERE ( shop_type = '31,28,34' and pid = 4 ) LIMIT 1   [ RunTime:0.0002s ]
INFO: [ app_end ] --START--
INFO: Run Behavior\ShowPageTraceBehavior [ RunTime:0.000485s ]
INFO: [ app_end ] --END-- [ RunTime:0.000568s ]

[ 2016-08-09T17:37:05+08:00 ] 127.0.0.1 /Home/Shop/get_shop_type/id/191f9286671aeb2f7d71275473fcaa82
INFO: [ app_begin ] --START--
INFO: Run Behavior\ReadHtmlCacheBehavior [ RunTime:0.000336s ]
INFO: [ app_begin ] --END-- [ RunTime:0.000624s ]
SQL: SHOW COLUMNS FROM `lee_shops_type` [ RunTime:0.0004s ]
SQL: SELECT * FROM `lee_shops_type` WHERE ( shop_type = '31,28,33' and pid = 4 ) LIMIT 1   [ RunTime:0.0002s ]
INFO: [ app_end ] --START--
INFO: Run Behavior\ShowPageTraceBehavior [ RunTime:0.000456s ]
INFO: [ app_end ] --END-- [ RunTime:0.000540s ]

[ 2016-08-09T17:37:07+08:00 ] 127.0.0.1 /Home/Shop/get_shop_type/id/191f9286671aeb2f7d71275473fcaa82
INFO: [ app_begin ] --START--
INFO: Run Behavior\ReadHtmlCacheBehavior [ RunTime:0.000456s ]
INFO: [ app_begin ] --END-- [ RunTime:0.000799s ]
SQL: SHOW COLUMNS FROM `lee_shops_type` [ RunTime:0.0005s ]
SQL: SELECT * FROM `lee_shops_type` WHERE ( shop_type = '31,28,33' and pid = 4 ) LIMIT 1   [ RunTime:0.0003s ]
INFO: [ app_end ] --START--
INFO: Run Behavior\ShowPageTraceBehavior [ RunTime:0.000589s ]
INFO: [ app_end ] --END-- [ RunTime:0.000687s ]

[ 2016-08-09T17:37:08+08:00 ] 127.0.0.1 /Home/Shop/get_shop_type/id/191f9286671aeb2f7d71275473fcaa82
INFO: [ app_begin ] --START--
INFO: Run Behavior\ReadHtmlCacheBehavior [ RunTime:0.000328s ]
INFO: [ app_begin ] --END-- [ RunTime:0.000625s ]
SQL: SHOW COLUMNS FROM `lee_shops_type` [ RunTime:0.0004s ]
SQL: SELECT * FROM `lee_shops_type` WHERE ( shop_type = '31,32,33' and pid = 4 ) LIMIT 1   [ RunTime:0.0002s ]
INFO: [ app_end ] --START--
INFO: Run Behavior\ShowPageTraceBehavior [ RunTime:0.000451s ]
INFO: [ app_end ] --END-- [ RunTime:0.000543s ]

[ 2016-08-09T17:37:09+08:00 ] 127.0.0.1 /Home/Shop/get_shop_type/id/191f9286671aeb2f7d71275473fcaa82
INFO: [ app_begin ] --START--
INFO: Run Behavior\ReadHtmlCacheBehavior [ RunTime:0.000333s ]
INFO: [ app_begin ] --END-- [ RunTime:0.000648s ]
SQL: SHOW COLUMNS FROM `lee_shops_type` [ RunTime:0.0005s ]
SQL: SELECT * FROM `lee_shops_type` WHERE ( shop_type = '31,32,34' and pid = 4 ) LIMIT 1   [ RunTime:0.0002s ]
INFO: [ app_end ] --START--
INFO: Run Behavior\ShowPageTraceBehavior [ RunTime:0.000464s ]
INFO: [ app_end ] --END-- [ RunTime:0.000548s ]

[ 2016-08-09T17:37:09+08:00 ] 127.0.0.1 /Home/Shop/get_shop_type/id/191f9286671aeb2f7d71275473fcaa82
INFO: [ app_begin ] --START--
INFO: Run Behavior\ReadHtmlCacheBehavior [ RunTime:0.000333s ]
INFO: [ app_begin ] --END-- [ RunTime:0.000635s ]
SQL: SHOW COLUMNS FROM `lee_shops_type` [ RunTime:0.0005s ]
SQL: SELECT * FROM `lee_shops_type` WHERE ( shop_type = '30,32,34' and pid = 4 ) LIMIT 1   [ RunTime:0.0003s ]
INFO: [ app_end ] --START--
INFO: Run Behavior\ShowPageTraceBehavior [ RunTime:0.000493s ]
INFO: [ app_end ] --END-- [ RunTime:0.000581s ]

[ 2016-08-09T17:38:25+08:00 ] 127.0.0.1 /Home/Shop/get_shop_type/id/cfa57f212771a71ea947f6b1822d9368
INFO: [ app_begin ] --START--
INFO: Run Behavior\ReadHtmlCacheBehavior [ RunTime:0.000456s ]
INFO: [ app_begin ] --END-- [ RunTime:0.000781s ]
SQL: SHOW COLUMNS FROM `lee_shops_type` [ RunTime:0.0005s ]
SQL: SELECT * FROM `lee_shops_type` WHERE ( shop_type = '31,28,33' and pid = 4 ) LIMIT 1   [ RunTime:0.0002s ]
INFO: [ app_end ] --START--
INFO: Run Behavior\ShowPageTraceBehavior [ RunTime:0.000544s ]
INFO: [ app_end ] --END-- [ RunTime:0.000628s ]

[ 2016-08-09T17:38:37+08:00 ] 127.0.0.1 /Home/Shop/get_shop_type/id/cfa57f212771a71ea947f6b1822d9368
INFO: [ app_begin ] --START--
INFO: Run Behavior\ReadHtmlCacheBehavior [ RunTime:0.000341s ]
INFO: [ app_begin ] --END-- [ RunTime:0.000710s ]
SQL: SHOW COLUMNS FROM `lee_shops_type` [ RunTime:0.0004s ]
SQL: SELECT * FROM `lee_shops_type` WHERE ( shop_type = '31,28,34' and pid = 4 ) LIMIT 1   [ RunTime:0.0002s ]
INFO: [ app_end ] --START--
INFO: Run Behavior\ShowPageTraceBehavior [ RunTime:0.000458s ]
INFO: [ app_end ] --END-- [ RunTime:0.000550s ]

[ 2016-08-09T17:38:43+08:00 ] 127.0.0.1 /Home/Shop/get_shop_type/id/cfa57f212771a71ea947f6b1822d9368
INFO: [ app_begin ] --START--
INFO: Run Behavior\ReadHtmlCacheBehavior [ RunTime:0.000332s ]
INFO: [ app_begin ] --END-- [ RunTime:0.000662s ]
SQL: SHOW COLUMNS FROM `lee_shops_type` [ RunTime:0.0004s ]
SQL: SELECT * FROM `lee_shops_type` WHERE ( shop_type = '31,28,33' and pid = 4 ) LIMIT 1   [ RunTime:0.0002s ]
INFO: [ app_end ] --START--
INFO: Run Behavior\ShowPageTraceBehavior [ RunTime:0.000474s ]
INFO: [ app_end ] --END-- [ RunTime:0.000552s ]

[ 2016-08-09T17:38:43+08:00 ] 127.0.0.1 /Home/Shop/get_shop_type/id/cfa57f212771a71ea947f6b1822d9368
INFO: [ app_begin ] --START--
INFO: Run Behavior\ReadHtmlCacheBehavior [ RunTime:0.000329s ]
INFO: [ app_begin ] --END-- [ RunTime:0.000662s ]
SQL: SHOW COLUMNS FROM `lee_shops_type` [ RunTime:0.0005s ]
SQL: SELECT * FROM `lee_shops_type` WHERE ( shop_type = '31,28,34' and pid = 4 ) LIMIT 1   [ RunTime:0.0002s ]
INFO: [ app_end ] --START--
INFO: Run Behavior\ShowPageTraceBehavior [ RunTime:0.000452s ]
INFO: [ app_end ] --END-- [ RunTime:0.000528s ]

[ 2016-08-09T17:38:44+08:00 ] 127.0.0.1 /Home/Shop/get_shop_type/id/cfa57f212771a71ea947f6b1822d9368
INFO: [ app_begin ] --START--
INFO: Run Behavior\ReadHtmlCacheBehavior [ RunTime:0.000305s ]
INFO: [ app_begin ] --END-- [ RunTime:0.000606s ]
SQL: SHOW COLUMNS FROM `lee_shops_type` [ RunTime:0.0009s ]
SQL: SELECT * FROM `lee_shops_type` WHERE ( shop_type = '31,28,33' and pid = 4 ) LIMIT 1   [ RunTime:0.0003s ]
INFO: [ app_end ] --START--
INFO: Run Behavior\ShowPageTraceBehavior [ RunTime:0.000449s ]
INFO: [ app_end ] --END-- [ RunTime:0.000527s ]

[ 2016-08-09T17:38:44+08:00 ] 127.0.0.1 /Home/Shop/get_shop_type/id/cfa57f212771a71ea947f6b1822d9368
INFO: [ app_begin ] --START--
INFO: Run Behavior\ReadHtmlCacheBehavior [ RunTime:0.000345s ]
INFO: [ app_begin ] --END-- [ RunTime:0.000801s ]
SQL: SHOW COLUMNS FROM `lee_shops_type` [ RunTime:0.0005s ]
SQL: SELECT * FROM `lee_shops_type` WHERE ( shop_type = '31,28,34' and pid = 4 ) LIMIT 1   [ RunTime:0.0002s ]
INFO: [ app_end ] --START--
INFO: Run Behavior\ShowPageTraceBehavior [ RunTime:0.000483s ]
INFO: [ app_end ] --END-- [ RunTime:0.000569s ]

[ 2016-08-09T17:38:46+08:00 ] 127.0.0.1 /Home/Shop/get_shop_type/id/cfa57f212771a71ea947f6b1822d9368
INFO: [ app_begin ] --START--
INFO: Run Behavior\ReadHtmlCacheBehavior [ RunTime:0.000331s ]
INFO: [ app_begin ] --END-- [ RunTime:0.000618s ]
SQL: SHOW COLUMNS FROM `lee_shops_type` [ RunTime:0.0005s ]
SQL: SELECT * FROM `lee_shops_type` WHERE ( shop_type = '30,32,34' and pid = 4 ) LIMIT 1   [ RunTime:0.0002s ]
INFO: [ app_end ] --START--
INFO: Run Behavior\ShowPageTraceBehavior [ RunTime:0.000509s ]
INFO: [ app_end ] --END-- [ RunTime:0.000594s ]

[ 2016-08-09T17:42:10+08:00 ] 127.0.0.1 /Home/Shop/get_shop_type/id/cfa57f212771a71ea947f6b1822d9368
INFO: [ app_begin ] --START--
INFO: Run Behavior\ReadHtmlCacheBehavior [ RunTime:0.000450s ]
INFO: [ app_begin ] --END-- [ RunTime:0.000780s ]
SQL: SHOW COLUMNS FROM `lee_shops_type` [ RunTime:0.0004s ]
SQL: SELECT * FROM `lee_shops_type` WHERE ( shop_type = '31,28,34' and pid = 4 ) LIMIT 1   [ RunTime:0.0002s ]
INFO: [ app_end ] --START--
INFO: Run Behavior\ShowPageTraceBehavior [ RunTime:0.000615s ]
INFO: [ app_end ] --END-- [ RunTime:0.000725s ]

[ 2016-08-09T18:26:14+08:00 ] 127.0.0.1 /Home/Shop/get_shop_type/id/6e3da75382946ed5d3d8450062914284
INFO: [ app_begin ] --START--
INFO: Run Behavior\ReadHtmlCacheBehavior [ RunTime:0.000598s ]
INFO: [ app_begin ] --END-- [ RunTime:0.000938s ]
SQL: SHOW COLUMNS FROM `lee_shops_type` [ RunTime:0.0004s ]
SQL: SELECT * FROM `lee_shops_type` WHERE ( shop_type = '56,58,61' and pid = 10 ) LIMIT 1   [ RunTime:0.0002s ]
INFO: [ app_end ] --START--
INFO: Run Behavior\ShowPageTraceBehavior [ RunTime:0.000711s ]
INFO: [ app_end ] --END-- [ RunTime:0.000797s ]

[ 2016-08-09T18:26:15+08:00 ] 127.0.0.1 /Home/Shop/get_shop_type/id/6e3da75382946ed5d3d8450062914284
INFO: [ app_begin ] --START--
INFO: Run Behavior\ReadHtmlCacheBehavior [ RunTime:0.000592s ]
INFO: [ app_begin ] --END-- [ RunTime:0.000931s ]
SQL: SHOW COLUMNS FROM `lee_shops_type` [ RunTime:0.0004s ]
SQL: SELECT * FROM `lee_shops_type` WHERE ( shop_type = '55,58,61' and pid = 10 ) LIMIT 1   [ RunTime:0.0003s ]
INFO: [ app_end ] --START--
INFO: Run Behavior\ShowPageTraceBehavior [ RunTime:0.000587s ]
INFO: [ app_end ] --END-- [ RunTime:0.000664s ]

[ 2016-08-09T18:26:15+08:00 ] 127.0.0.1 /Home/Shop/get_shop_type/id/6e3da75382946ed5d3d8450062914284
INFO: [ app_begin ] --START--
INFO: Run Behavior\ReadHtmlCacheBehavior [ RunTime:0.000547s ]
INFO: [ app_begin ] --END-- [ RunTime:0.000883s ]
SQL: SHOW COLUMNS FROM `lee_shops_type` [ RunTime:0.0004s ]
SQL: SELECT * FROM `lee_shops_type` WHERE ( shop_type = '57,58,61' and pid = 10 ) LIMIT 1   [ RunTime:0.0002s ]
INFO: [ app_end ] --START--
INFO: Run Behavior\ShowPageTraceBehavior [ RunTime:0.000644s ]
INFO: [ app_end ] --END-- [ RunTime:0.000721s ]

[ 2016-08-09T18:26:16+08:00 ] 127.0.0.1 /Home/Shop/get_shop_type/id/6e3da75382946ed5d3d8450062914284
INFO: [ app_begin ] --START--
INFO: Run Behavior\ReadHtmlCacheBehavior [ RunTime:0.000611s ]
INFO: [ app_begin ] --END-- [ RunTime:0.000971s ]
SQL: SHOW COLUMNS FROM `lee_shops_type` [ RunTime:0.0005s ]
SQL: SELECT * FROM `lee_shops_type` WHERE ( shop_type = '55,58,61' and pid = 10 ) LIMIT 1   [ RunTime:0.0003s ]
INFO: [ app_end ] --START--
INFO: Run Behavior\ShowPageTraceBehavior [ RunTime:0.000713s ]
INFO: [ app_end ] --END-- [ RunTime:0.000800s ]

[ 2016-08-09T18:26:17+08:00 ] 127.0.0.1 /Home/Shop/get_shop_type/id/6e3da75382946ed5d3d8450062914284
INFO: [ app_begin ] --START--
INFO: Run Behavior\ReadHtmlCacheBehavior [ RunTime:0.000610s ]
INFO: [ app_begin ] --END-- [ RunTime:0.000951s ]
SQL: SHOW COLUMNS FROM `lee_shops_type` [ RunTime:0.0005s ]
SQL: SELECT * FROM `lee_shops_type` WHERE ( shop_type = '56,58,61' and pid = 10 ) LIMIT 1   [ RunTime:0.0002s ]
INFO: [ app_end ] --START--
INFO: Run Behavior\ShowPageTraceBehavior [ RunTime:0.000714s ]
INFO: [ app_end ] --END-- [ RunTime:0.000800s ]

[ 2016-08-09T18:26:17+08:00 ] 127.0.0.1 /Home/Shop/get_shop_type/id/6e3da75382946ed5d3d8450062914284
INFO: [ app_begin ] --START--
INFO: Run Behavior\ReadHtmlCacheBehavior [ RunTime:0.000600s ]
INFO: [ app_begin ] --END-- [ RunTime:0.000942s ]
SQL: SHOW COLUMNS FROM `lee_shops_type` [ RunTime:0.0005s ]
SQL: SELECT * FROM `lee_shops_type` WHERE ( shop_type = '55,58,61' and pid = 10 ) LIMIT 1   [ RunTime:0.0002s ]
INFO: [ app_end ] --START--
INFO: Run Behavior\ShowPageTraceBehavior [ RunTime:0.000673s ]
INFO: [ app_end ] --END-- [ RunTime:0.000759s ]

[ 2016-08-09T18:26:17+08:00 ] 127.0.0.1 /Home/Shop/get_shop_type/id/6e3da75382946ed5d3d8450062914284
INFO: [ app_begin ] --START--
INFO: Run Behavior\ReadHtmlCacheBehavior [ RunTime:0.000602s ]
INFO: [ app_begin ] --END-- [ RunTime:0.000938s ]
SQL: SHOW COLUMNS FROM `lee_shops_type` [ RunTime:0.0005s ]
SQL: SELECT * FROM `lee_shops_type` WHERE ( shop_type = '57,58,61' and pid = 10 ) LIMIT 1   [ RunTime:0.0003s ]
INFO: [ app_end ] --START--
INFO: Run Behavior\ShowPageTraceBehavior [ RunTime:0.000600s ]
INFO: [ app_end ] --END-- [ RunTime:0.000677s ]

[ 2016-08-09T18:26:18+08:00 ] 127.0.0.1 /Home/Shop/get_shop_type/id/6e3da75382946ed5d3d8450062914284
INFO: [ app_begin ] --START--
INFO: Run Behavior\ReadHtmlCacheBehavior [ RunTime:0.000590s ]
INFO: [ app_begin ] --END-- [ RunTime:0.000921s ]
SQL: SHOW COLUMNS FROM `lee_shops_type` [ RunTime:0.0005s ]
SQL: SELECT * FROM `lee_shops_type` WHERE ( shop_type = '57,59,61' and pid = 10 ) LIMIT 1   [ RunTime:0.0003s ]
INFO: [ app_end ] --START--
INFO: Run Behavior\ShowPageTraceBehavior [ RunTime:0.000718s ]
INFO: [ app_end ] --END-- [ RunTime:0.000804s ]

[ 2016-08-09T18:26:18+08:00 ] 127.0.0.1 /Home/Shop/get_shop_type/id/6e3da75382946ed5d3d8450062914284
INFO: [ app_begin ] --START--
INFO: Run Behavior\ReadHtmlCacheBehavior [ RunTime:0.000594s ]
INFO: [ app_begin ] --END-- [ RunTime:0.000928s ]
SQL: SHOW COLUMNS FROM `lee_shops_type` [ RunTime:0.0004s ]
SQL: SELECT * FROM `lee_shops_type` WHERE ( shop_type = '57,60,61' and pid = 10 ) LIMIT 1   [ RunTime:0.0002s ]
INFO: [ app_end ] --START--
INFO: Run Behavior\ShowPageTraceBehavior [ RunTime:0.000654s ]
INFO: [ app_end ] --END-- [ RunTime:0.000739s ]

[ 2016-08-09T18:26:19+08:00 ] 127.0.0.1 /Home/Shop/get_shop_type/id/6e3da75382946ed5d3d8450062914284
INFO: [ app_begin ] --START--
INFO: Run Behavior\ReadHtmlCacheBehavior [ RunTime:0.000589s ]
INFO: [ app_begin ] --END-- [ RunTime:0.000926s ]
SQL: SHOW COLUMNS FROM `lee_shops_type` [ RunTime:0.0004s ]
SQL: SELECT * FROM `lee_shops_type` WHERE ( shop_type = '57,60,62' and pid = 10 ) LIMIT 1   [ RunTime:0.0003s ]
INFO: [ app_end ] --START--
INFO: Run Behavior\ShowPageTraceBehavior [ RunTime:0.000723s ]
INFO: [ app_end ] --END-- [ RunTime:0.000810s ]

[ 2016-08-09T18:26:26+08:00 ] 127.0.0.1 /Home/index/login
INFO: [ app_begin ] --START--
INFO: Run Behavior\ReadHtmlCacheBehavior [ RunTime:0.000590s ]
INFO: [ app_begin ] --END-- [ RunTime:0.000920s ]
SQL: SHOW COLUMNS FROM `lee_user` [ RunTime:0.0277s ]
SQL: SELECT * FROM `lee_user` WHERE ( username = 'levan' ) LIMIT 1   [ RunTime:0.0002s ]
NOTIC: [8] Undefined index: user_avatar E:\wamp64\www\llx\Application\Home\Controller\IndexController.class.php 第 79 行.
INFO: [ app_end ] --START--
INFO: Run Behavior\ShowPageTraceBehavior [ RunTime:0.000660s ]
INFO: [ app_end ] --END-- [ RunTime:0.000734s ]

[ 2016-08-09T18:26:28+08:00 ] 127.0.0.1 /Home/Shop/get_shop_type/id/6e3da75382946ed5d3d8450062914284
INFO: [ app_begin ] --START--
INFO: Run Behavior\ReadHtmlCacheBehavior [ RunTime:0.000583s ]
INFO: [ app_begin ] --END-- [ RunTime:0.000943s ]
SQL: SHOW COLUMNS FROM `lee_shops_type` [ RunTime:0.0004s ]
SQL: SELECT * FROM `lee_shops_type` WHERE ( shop_type = '55,59,62' and pid = 10 ) LIMIT 1   [ RunTime:0.0002s ]
INFO: [ app_end ] --START--
INFO: Run Behavior\ShowPageTraceBehavior [ RunTime:0.000665s ]
INFO: [ app_end ] --END-- [ RunTime:0.000742s ]

[ 2016-08-09T18:26:28+08:00 ] 127.0.0.1 /Home/Shop/get_shop_buy_list/id/6e3da75382946ed5d3d8450062914284
INFO: [ app_begin ] --START--
INFO: Run Behavior\ReadHtmlCacheBehavior [ RunTime:0.000587s ]
INFO: [ app_begin ] --END-- [ RunTime:0.000948s ]
SQL: SHOW COLUMNS FROM `lee_shop_att` [ RunTime:0.0008s ]
SQL: SELECT `name` FROM `lee_shop_att` WHERE `id` IN ('55','59','62')  [ RunTime:0.0003s ]
SQL: SHOW COLUMNS FROM `lee_shops_type` [ RunTime:0.0004s ]
SQL: SELECT * FROM `lee_shops_type` WHERE ( shop_type = '55,59,62' and pid = 10 ) LIMIT 1   [ RunTime:0.0002s ]
SQL: SHOW COLUMNS FROM `lee_shops` [ RunTime:0.0003s ]
SQL: SELECT * FROM `lee_shops` WHERE `id` = 10 LIMIT 1   [ RunTime:0.0002s ]
INFO: [ app_end ] --START--
INFO: Run Behavior\ShowPageTraceBehavior [ RunTime:0.000741s ]
INFO: [ app_end ] --END-- [ RunTime:0.000847s ]

[ 2016-08-09T18:26:28+08:00 ] 127.0.0.1 /Home/shop/get_address
INFO: [ app_begin ] --START--
INFO: Run Behavior\ReadHtmlCacheBehavior [ RunTime:0.000868s ]
INFO: [ app_begin ] --END-- [ RunTime:0.001329s ]
SQL: SHOW COLUMNS FROM `lee_my_address` [ RunTime:0.0152s ]
SQL: SELECT * FROM `lee_my_address` WHERE ( uid = 4 )  [ RunTime:0.0002s ]
INFO: [ view_parse ] --START--
INFO: [ template_filter ] --START--
INFO: Run Behavior\ContentReplaceBehavior [ RunTime:0.000071s ]
INFO: [ template_filter ] --END-- [ RunTime:0.000160s ]
INFO: Run Behavior\ParseTemplateBehavior [ RunTime:0.034601s ]
INFO: [ view_parse ] --END-- [ RunTime:0.034733s ]
INFO: [ view_filter ] --START--
INFO: Run Behavior\WriteHtmlCacheBehavior [ RunTime:0.000580s ]
INFO: [ view_filter ] --END-- [ RunTime:0.000661s ]
INFO: [ app_end ] --START--
INFO: Run Behavior\ShowPageTraceBehavior [ RunTime:0.000559s ]
INFO: [ app_end ] --END-- [ RunTime:0.000633s ]

[ 2016-08-09T18:26:40+08:00 ] 127.0.0.1 /Home/Shop/get_shop_type/id/6e3da75382946ed5d3d8450062914284
INFO: [ app_begin ] --START--
INFO: Run Behavior\ReadHtmlCacheBehavior [ RunTime:0.000672s ]
INFO: [ app_begin ] --END-- [ RunTime:0.001088s ]
SQL: SHOW COLUMNS FROM `lee_shops_type` [ RunTime:0.0004s ]
SQL: SELECT * FROM `lee_shops_type` WHERE ( shop_type = '56,59,62' and pid = 10 ) LIMIT 1   [ RunTime:0.0002s ]
INFO: [ app_end ] --START--
INFO: Run Behavior\ShowPageTraceBehavior [ RunTime:0.000679s ]
INFO: [ app_end ] --END-- [ RunTime:0.000757s ]

[ 2016-08-09T18:26:41+08:00 ] 127.0.0.1 /Home/Shop/get_shop_type/id/6e3da75382946ed5d3d8450062914284
INFO: [ app_begin ] --START--
INFO: Run Behavior\ReadHtmlCacheBehavior [ RunTime:0.000587s ]
INFO: [ app_begin ] --END-- [ RunTime:0.000946s ]
SQL: SHOW COLUMNS FROM `lee_shops_type` [ RunTime:0.0004s ]
SQL: SELECT * FROM `lee_shops_type` WHERE ( shop_type = '57,59,62' and pid = 10 ) LIMIT 1   [ RunTime:0.0002s ]
INFO: [ app_end ] --START--
INFO: Run Behavior\ShowPageTraceBehavior [ RunTime:0.000714s ]
INFO: [ app_end ] --END-- [ RunTime:0.000799s ]

[ 2016-08-09T18:26:44+08:00 ] 127.0.0.1 /Home/Shop/get_shop_type/id/6e3da75382946ed5d3d8450062914284
INFO: [ app_begin ] --START--
INFO: Run Behavior\ReadHtmlCacheBehavior [ RunTime:0.000580s ]
INFO: [ app_begin ] --END-- [ RunTime:0.000940s ]
SQL: SHOW COLUMNS FROM `lee_shops_type` [ RunTime:0.0004s ]
SQL: SELECT * FROM `lee_shops_type` WHERE ( shop_type = '56,59,62' and pid = 10 ) LIMIT 1   [ RunTime:0.0002s ]
INFO: [ app_end ] --START--
INFO: Run Behavior\ShowPageTraceBehavior [ RunTime:0.000659s ]
INFO: [ app_end ] --END-- [ RunTime:0.000743s ]

