[ 2016-08-05T12:27:58+08:00 ] 127.0.0.1 /Admin/Index/get_shop_lx.html
INFO: [ app_begin ] --START--
INFO: Run Behavior\ReadHtmlCacheBehavior [ RunTime:0.000324s ]
INFO: [ app_begin ] --END-- [ RunTime:0.000643s ]
SQL: SHOW COLUMNS FROM `lee_shop_two` [ RunTime:0.0406s ]
SQL: SELECT * FROM `lee_shop_two` WHERE ( pid = 2 )  [ RunTime:0.0004s ]
INFO: [ app_end ] --START--
INFO: Run Behavior\ShowPageTraceBehavior [ RunTime:0.000430s ]
INFO: [ app_end ] --END-- [ RunTime:0.000521s ]

[ 2016-08-05T12:27:59+08:00 ] 127.0.0.1 /Admin/Index/get_shop_lx.html
INFO: [ app_begin ] --START--
INFO: Run Behavior\ReadHtmlCacheBehavior [ RunTime:0.000322s ]
INFO: [ app_begin ] --END-- [ RunTime:0.000640s ]
SQL: SHOW COLUMNS FROM `lee_shop_three` [ RunTime:0.0333s ]
SQL: SELECT * FROM `lee_shop_three` WHERE ( pid = 3 )  [ RunTime:0.0006s ]
INFO: [ app_end ] --START--
INFO: Run Behavior\ShowPageTraceBehavior [ RunTime:0.001068s ]
INFO: [ app_end ] --END-- [ RunTime:0.001313s ]

[ 2016-08-05T12:28:03+08:00 ] 127.0.0.1 /Admin/Index/get_shop_lx.html
INFO: [ app_begin ] --START--
INFO: Run Behavior\ReadHtmlCacheBehavior [ RunTime:0.000324s ]
INFO: [ app_begin ] --END-- [ RunTime:0.000647s ]
SQL: SHOW COLUMNS FROM `lee_shop_two` [ RunTime:0.0005s ]
SQL: SELECT * FROM `lee_shop_two` WHERE ( pid = 2 )  [ RunTime:0.0002s ]
INFO: [ app_end ] --START--
INFO: Run Behavior\ShowPageTraceBehavior [ RunTime:0.000379s ]
INFO: [ app_end ] --END-- [ RunTime:0.000461s ]

[ 2016-08-05T12:28:04+08:00 ] 127.0.0.1 /Admin/Index/get_shop_lx.html
INFO: [ app_begin ] --START--
INFO: Run Behavior\ReadHtmlCacheBehavior [ RunTime:0.000320s ]
INFO: [ app_begin ] --END-- [ RunTime:0.000641s ]
SQL: SHOW COLUMNS FROM `lee_shop_three` [ RunTime:0.0005s ]
SQL: SELECT * FROM `lee_shop_three` WHERE ( pid = 4 )  [ RunTime:0.0002s ]
INFO: [ app_end ] --START--
INFO: Run Behavior\ShowPageTraceBehavior [ RunTime:0.000357s ]
INFO: [ app_end ] --END-- [ RunTime:0.000440s ]

[ 2016-08-05T12:28:04+08:00 ] 127.0.0.1 /Admin/Index/get_shop_lx.html
INFO: [ app_begin ] --START--
INFO: Run Behavior\ReadHtmlCacheBehavior [ RunTime:0.000323s ]
INFO: [ app_begin ] --END-- [ RunTime:0.000648s ]
SQL: SHOW COLUMNS FROM `lee_shop_three` [ RunTime:0.0005s ]
SQL: SELECT * FROM `lee_shop_three` WHERE ( pid = 3 )  [ RunTime:0.0002s ]
INFO: [ app_end ] --START--
INFO: Run Behavior\ShowPageTraceBehavior [ RunTime:0.000383s ]
INFO: [ app_end ] --END-- [ RunTime:0.000465s ]

[ 2016-08-05T12:49:31+08:00 ] 127.0.0.1 /Admin//Index/add_shop?id=2-3-2
ERR: XML标签语法错误 : dump($b) name="b" item="v"

[ 2016-08-05T17:35:04+08:00 ] 127.0.0.1 /Admin/Index/get_shop_lx.html
INFO: [ app_begin ] --START--
INFO: Run Behavior\ReadHtmlCacheBehavior [ RunTime:0.000401s ]
INFO: [ app_begin ] --END-- [ RunTime:0.000762s ]
SQL: SHOW COLUMNS FROM `lee_shop_two` [ RunTime:0.0006s ]
SQL: SELECT * FROM `lee_shop_two` WHERE ( pid = 2 )  [ RunTime:0.0002s ]
INFO: [ app_end ] --START--
INFO: Run Behavior\ShowPageTraceBehavior [ RunTime:0.000473s ]
INFO: [ app_end ] --END-- [ RunTime:0.000550s ]

[ 2016-08-05T17:35:05+08:00 ] 127.0.0.1 /Admin/Index/get_shop_lx.html
INFO: [ app_begin ] --START--
INFO: Run Behavior\ReadHtmlCacheBehavior [ RunTime:0.000353s ]
INFO: [ app_begin ] --END-- [ RunTime:0.000756s ]
SQL: SHOW COLUMNS FROM `lee_shop_three` [ RunTime:0.0005s ]
SQL: SELECT * FROM `lee_shop_three` WHERE ( pid = 3 )  [ RunTime:0.0002s ]
INFO: [ app_end ] --START--
INFO: Run Behavior\ShowPageTraceBehavior [ RunTime:0.000481s ]
INFO: [ app_end ] --END-- [ RunTime:0.000558s ]

[ 2016-08-05T21:53:25+08:00 ] 127.0.0.1 /Admin/Index/get_shop_lx.html
INFO: [ app_begin ] --START--
INFO: Run Behavior\ReadHtmlCacheBehavior [ RunTime:0.000330s ]
INFO: [ app_begin ] --END-- [ RunTime:0.000662s ]
SQL: SHOW COLUMNS FROM `lee_shop_two` [ RunTime:0.0301s ]
SQL: SELECT * FROM `lee_shop_two` WHERE ( pid = 2 )  [ RunTime:0.0004s ]
INFO: [ app_end ] --START--
INFO: Run Behavior\ShowPageTraceBehavior [ RunTime:0.000416s ]
INFO: [ app_end ] --END-- [ RunTime:0.000507s ]

[ 2016-08-05T21:53:25+08:00 ] 127.0.0.1 /Admin/Index/get_shop_lx.html
INFO: [ app_begin ] --START--
INFO: Run Behavior\ReadHtmlCacheBehavior [ RunTime:0.000325s ]
INFO: [ app_begin ] --END-- [ RunTime:0.000658s ]
SQL: SHOW COLUMNS FROM `lee_shop_three` [ RunTime:0.0276s ]
SQL: SELECT * FROM `lee_shop_three` WHERE ( pid = 3 )  [ RunTime:0.0002s ]
INFO: [ app_end ] --START--
INFO: Run Behavior\ShowPageTraceBehavior [ RunTime:0.000401s ]
INFO: [ app_end ] --END-- [ RunTime:0.000487s ]

[ 2016-08-05T22:27:37+08:00 ] 127.0.0.1 /Admin/Pic/blank_page.html
ERR: 非法操作:blank_page

[ 2016-08-05T22:27:41+08:00 ] 127.0.0.1 /Admin/Index/get_shop_lx.html
INFO: [ app_begin ] --START--
INFO: Run Behavior\ReadHtmlCacheBehavior [ RunTime:0.000343s ]
INFO: [ app_begin ] --END-- [ RunTime:0.000673s ]
SQL: SHOW COLUMNS FROM `lee_shop_two` [ RunTime:0.0006s ]
SQL: SELECT * FROM `lee_shop_two` WHERE ( pid = 1 )  [ RunTime:0.0002s ]
INFO: [ app_end ] --START--
INFO: Run Behavior\ShowPageTraceBehavior [ RunTime:0.000454s ]
INFO: [ app_end ] --END-- [ RunTime:0.000542s ]

[ 2016-08-05T22:27:42+08:00 ] 127.0.0.1 /Admin/Index/get_shop_lx.html
INFO: [ app_begin ] --START--
INFO: Run Behavior\ReadHtmlCacheBehavior [ RunTime:0.000341s ]
INFO: [ app_begin ] --END-- [ RunTime:0.000667s ]
SQL: SHOW COLUMNS FROM `lee_shop_two` [ RunTime:0.0005s ]
SQL: SELECT * FROM `lee_shop_two` WHERE ( pid = 2 )  [ RunTime:0.0002s ]
INFO: [ app_end ] --START--
INFO: Run Behavior\ShowPageTraceBehavior [ RunTime:0.000424s ]
INFO: [ app_end ] --END-- [ RunTime:0.000508s ]

[ 2016-08-05T22:27:42+08:00 ] 127.0.0.1 /Admin/Index/get_shop_lx.html
INFO: [ app_begin ] --START--
INFO: Run Behavior\ReadHtmlCacheBehavior [ RunTime:0.000337s ]
INFO: [ app_begin ] --END-- [ RunTime:0.000691s ]
SQL: SHOW COLUMNS FROM `lee_shop_three` [ RunTime:0.0006s ]
SQL: SELECT * FROM `lee_shop_three` WHERE ( pid = 4 )  [ RunTime:0.0002s ]
INFO: [ app_end ] --START--
INFO: Run Behavior\ShowPageTraceBehavior [ RunTime:0.000460s ]
INFO: [ app_end ] --END-- [ RunTime:0.000544s ]

[ 2016-08-05T22:27:43+08:00 ] 127.0.0.1 /Admin/Index/get_shop_lx.html
INFO: [ app_begin ] --START--
INFO: Run Behavior\ReadHtmlCacheBehavior [ RunTime:0.000338s ]
INFO: [ app_begin ] --END-- [ RunTime:0.000671s ]
SQL: SHOW COLUMNS FROM `lee_shop_three` [ RunTime:0.0007s ]
SQL: SELECT * FROM `lee_shop_three` WHERE ( pid = 3 )  [ RunTime:0.0002s ]
INFO: [ app_end ] --START--
INFO: Run Behavior\ShowPageTraceBehavior [ RunTime:0.000457s ]
INFO: [ app_end ] --END-- [ RunTime:0.000544s ]

[ 2016-08-05T22:29:39+08:00 ] 127.0.0.1 /Admin/Index/get_shop_lx.html
INFO: [ app_begin ] --START--
INFO: Run Behavior\ReadHtmlCacheBehavior [ RunTime:0.000568s ]
INFO: [ app_begin ] --END-- [ RunTime:0.000950s ]
SQL: SHOW COLUMNS FROM `lee_shop_two` [ RunTime:0.0006s ]
SQL: SELECT * FROM `lee_shop_two` WHERE ( pid = 2 )  [ RunTime:0.0002s ]
INFO: [ app_end ] --START--
INFO: Run Behavior\ShowPageTraceBehavior [ RunTime:0.000700s ]
INFO: [ app_end ] --END-- [ RunTime:0.000778s ]

[ 2016-08-05T22:29:40+08:00 ] 127.0.0.1 /Admin/Index/get_shop_lx.html
INFO: [ app_begin ] --START--
INFO: Run Behavior\ReadHtmlCacheBehavior [ RunTime:0.000555s ]
INFO: [ app_begin ] --END-- [ RunTime:0.000889s ]
SQL: SHOW COLUMNS FROM `lee_shop_three` [ RunTime:0.0006s ]
SQL: SELECT * FROM `lee_shop_three` WHERE ( pid = 3 )  [ RunTime:0.0002s ]
INFO: [ app_end ] --START--
INFO: Run Behavior\ShowPageTraceBehavior [ RunTime:0.000729s ]
INFO: [ app_end ] --END-- [ RunTime:0.000809s ]

[ 2016-08-05T22:31:47+08:00 ] 127.0.0.1 /Admin/Cate/get_shop_brand.html
INFO: [ app_begin ] --START--
INFO: Run Behavior\ReadHtmlCacheBehavior [ RunTime:0.000482s ]
INFO: [ app_begin ] --END-- [ RunTime:0.000785s ]
SQL: SHOW COLUMNS FROM `lee_shop_brand` [ RunTime:0.0006s ]
SQL: SELECT * FROM `lee_shop_brand` WHERE ( pid = 2 )  [ RunTime:0.0002s ]
INFO: [ app_end ] --START--
INFO: Run Behavior\ShowPageTraceBehavior [ RunTime:0.000653s ]
INFO: [ app_end ] --END-- [ RunTime:0.000753s ]

[ 2016-08-05T22:31:47+08:00 ] 127.0.0.1 /Admin/Cate/get_shop_cate_list.html
INFO: [ app_begin ] --START--
INFO: Run Behavior\ReadHtmlCacheBehavior [ RunTime:0.000496s ]
INFO: [ app_begin ] --END-- [ RunTime:0.000824s ]
SQL: SHOW COLUMNS FROM `lee_shop_cate_list` [ RunTime:0.0366s ]
SQL: SELECT `id` FROM `lee_shop_cate_list` WHERE ( pid = '1' and pid_type = '2' )  [ RunTime:0.0003s ]
SQL: SHOW COLUMNS FROM `lee_shop_cate_has` [ RunTime:0.0003s ]
SQL: SHOW COLUMNS FROM `lee_shop_att` [ RunTime:0.0003s ]
SQL: SELECT * FROM `lee_shop_cate_list` WHERE `id` IN ('1','3')  [ RunTime:0.0004s ]
SQL: SELECT * FROM `lee_shop_cate_has` WHERE ( pid = 1 )  [ RunTime:0.0002s ]
SQL: SELECT * FROM `lee_shop_att` WHERE ( pid = 1 )  [ RunTime:0.0001s ]
SQL: SELECT * FROM `lee_shop_att` WHERE ( pid = 2 )  [ RunTime:0.0001s ]
SQL: SELECT * FROM `lee_shop_att` WHERE ( pid = 3 )  [ RunTime:0.0001s ]
SQL: SELECT * FROM `lee_shop_cate_has` WHERE ( pid = 3 )  [ RunTime:0.0001s ]
SQL: SELECT * FROM `lee_shop_att` WHERE ( pid = 17 )  [ RunTime:0.0001s ]
SQL: SELECT * FROM `lee_shop_att` WHERE ( pid = 18 )  [ RunTime:0.0002s ]
SQL: SELECT * FROM `lee_shop_att` WHERE ( pid = 19 )  [ RunTime:0.0001s ]
INFO: [ view_parse ] --START--
INFO: [ template_filter ] --START--
INFO: Run Behavior\ContentReplaceBehavior [ RunTime:0.000069s ]
INFO: [ template_filter ] --END-- [ RunTime:0.000161s ]
INFO: Run Behavior\ParseTemplateBehavior [ RunTime:0.010490s ]
INFO: [ view_parse ] --END-- [ RunTime:0.010591s ]
INFO: [ view_filter ] --START--
INFO: Run Behavior\WriteHtmlCacheBehavior [ RunTime:0.000387s ]
INFO: [ view_filter ] --END-- [ RunTime:0.000476s ]
INFO: [ app_end ] --START--
INFO: Run Behavior\ShowPageTraceBehavior [ RunTime:0.000537s ]
INFO: [ app_end ] --END-- [ RunTime:0.000629s ]

[ 2016-08-05T22:32:04+08:00 ] 127.0.0.1 /Admin/Cate/add_shop_brand.html
INFO: [ app_begin ] --START--
INFO: Run Behavior\ReadHtmlCacheBehavior [ RunTime:0.000500s ]
INFO: [ app_begin ] --END-- [ RunTime:0.000823s ]
SQL: SHOW COLUMNS FROM `lee_shop_brand` [ RunTime:0.0004s ]
SQL: INSERT INTO `lee_shop_brand` (`name`,`pid`,`sta`) VALUES ('vivo','2','1') [ RunTime:0.0179s ]
INFO: [ app_end ] --START--
INFO: Run Behavior\ShowPageTraceBehavior [ RunTime:0.000580s ]
INFO: [ app_end ] --END-- [ RunTime:0.000664s ]

[ 2016-08-05T22:32:07+08:00 ] 127.0.0.1 /Admin/Cate/get_shop_brand.html
INFO: [ app_begin ] --START--
INFO: Run Behavior\ReadHtmlCacheBehavior [ RunTime:0.000548s ]
INFO: [ app_begin ] --END-- [ RunTime:0.001139s ]
SQL: SHOW COLUMNS FROM `lee_shop_brand` [ RunTime:0.0005s ]
SQL: SELECT * FROM `lee_shop_brand` WHERE ( pid = 2 )  [ RunTime:0.0002s ]
INFO: [ app_end ] --START--
INFO: Run Behavior\ShowPageTraceBehavior [ RunTime:0.000594s ]
INFO: [ app_end ] --END-- [ RunTime:0.000674s ]

[ 2016-08-05T22:32:10+08:00 ] 127.0.0.1 /Admin/Cate/get_shop_cate_list.html
INFO: [ app_begin ] --START--
INFO: Run Behavior\ReadHtmlCacheBehavior [ RunTime:0.000503s ]
INFO: [ app_begin ] --END-- [ RunTime:0.000840s ]
SQL: SHOW COLUMNS FROM `lee_shop_cate_list` [ RunTime:0.0006s ]
SQL: SELECT `id` FROM `lee_shop_cate_list` WHERE ( pid = '1' and pid_type = '2' )  [ RunTime:0.0002s ]
SQL: SHOW COLUMNS FROM `lee_shop_cate_has` [ RunTime:0.0004s ]
SQL: SHOW COLUMNS FROM `lee_shop_att` [ RunTime:0.0003s ]
SQL: SELECT * FROM `lee_shop_cate_list` WHERE `id` IN ('1','3')  [ RunTime:0.0002s ]
SQL: SELECT * FROM `lee_shop_cate_has` WHERE ( pid = 1 )  [ RunTime:0.0001s ]
SQL: SELECT * FROM `lee_shop_att` WHERE ( pid = 1 )  [ RunTime:0.0002s ]
SQL: SELECT * FROM `lee_shop_att` WHERE ( pid = 2 )  [ RunTime:0.0002s ]
SQL: SELECT * FROM `lee_shop_att` WHERE ( pid = 3 )  [ RunTime:0.0001s ]
SQL: SELECT * FROM `lee_shop_cate_has` WHERE ( pid = 3 )  [ RunTime:0.0001s ]
SQL: SELECT * FROM `lee_shop_att` WHERE ( pid = 17 )  [ RunTime:0.0001s ]
SQL: SELECT * FROM `lee_shop_att` WHERE ( pid = 18 )  [ RunTime:0.0002s ]
SQL: SELECT * FROM `lee_shop_att` WHERE ( pid = 19 )  [ RunTime:0.0001s ]
INFO: [ view_parse ] --START--
INFO: [ template_filter ] --START--
INFO: Run Behavior\ContentReplaceBehavior [ RunTime:0.000069s ]
INFO: [ template_filter ] --END-- [ RunTime:0.000164s ]
INFO: Run Behavior\ParseTemplateBehavior [ RunTime:0.009848s ]
INFO: [ view_parse ] --END-- [ RunTime:0.009964s ]
INFO: [ view_filter ] --START--
INFO: Run Behavior\WriteHtmlCacheBehavior [ RunTime:0.000381s ]
INFO: [ view_filter ] --END-- [ RunTime:0.000467s ]
INFO: [ app_end ] --START--
INFO: Run Behavior\ShowPageTraceBehavior [ RunTime:0.000539s ]
INFO: [ app_end ] --END-- [ RunTime:0.000629s ]

[ 2016-08-05T22:32:19+08:00 ] 127.0.0.1 /Admin/Index/get_shop_lx.html
INFO: [ app_begin ] --START--
INFO: Run Behavior\ReadHtmlCacheBehavior [ RunTime:0.000523s ]
INFO: [ app_begin ] --END-- [ RunTime:0.000883s ]
SQL: SHOW COLUMNS FROM `lee_shop_two` [ RunTime:0.0006s ]
SQL: SELECT * FROM `lee_shop_two` WHERE ( pid = 2 )  [ RunTime:0.0002s ]
INFO: [ app_end ] --START--
INFO: Run Behavior\ShowPageTraceBehavior [ RunTime:0.000643s ]
INFO: [ app_end ] --END-- [ RunTime:0.000722s ]

[ 2016-08-05T22:32:20+08:00 ] 127.0.0.1 /Admin/Index/get_shop_lx.html
INFO: [ app_begin ] --START--
INFO: Run Behavior\ReadHtmlCacheBehavior [ RunTime:0.000515s ]
INFO: [ app_begin ] --END-- [ RunTime:0.000841s ]
SQL: SHOW COLUMNS FROM `lee_shop_three` [ RunTime:0.0004s ]
SQL: SELECT * FROM `lee_shop_three` WHERE ( pid = 3 )  [ RunTime:0.0002s ]
INFO: [ app_end ] --START--
INFO: Run Behavior\ShowPageTraceBehavior [ RunTime:0.000569s ]
INFO: [ app_end ] --END-- [ RunTime:0.000664s ]

