[ 2016-08-07T13:52:28+08:00 ] 127.0.0.1 /Admin/Cate/blank_page.html
ERR: 非法操作:blank_page

[ 2016-08-07T13:52:31+08:00 ] 127.0.0.1 /Admin/Cate/get_shop_brand.html
INFO: [ app_begin ] --START--
INFO: Run Behavior\ReadHtmlCacheBehavior [ RunTime:0.000327s ]
INFO: [ app_begin ] --END-- [ RunTime:0.000609s ]
SQL: SHOW COLUMNS FROM `lee_shop_brand` [ RunTime:0.0006s ]
SQL: SELECT * FROM `lee_shop_brand` WHERE ( pid = 2 )  [ RunTime:0.0002s ]
INFO: [ app_end ] --START--
INFO: Run Behavior\ShowPageTraceBehavior [ RunTime:0.000495s ]
INFO: [ app_end ] --END-- [ RunTime:0.000572s ]

[ 2016-08-07T13:52:34+08:00 ] 127.0.0.1 /Admin/Index/get_shop_lx.html
INFO: [ app_begin ] --START--
INFO: Run Behavior\ReadHtmlCacheBehavior [ RunTime:0.000319s ]
INFO: [ app_begin ] --END-- [ RunTime:0.000596s ]
SQL: SHOW COLUMNS FROM `lee_shop_two` [ RunTime:0.0006s ]
SQL: SELECT * FROM `lee_shop_two` WHERE ( pid = 2 )  [ RunTime:0.0002s ]
INFO: [ app_end ] --START--
INFO: Run Behavior\ShowPageTraceBehavior [ RunTime:0.000475s ]
INFO: [ app_end ] --END-- [ RunTime:0.000563s ]

[ 2016-08-07T13:52:34+08:00 ] 127.0.0.1 /Admin/Index/get_shop_lx.html
INFO: [ app_begin ] --START--
INFO: Run Behavior\ReadHtmlCacheBehavior [ RunTime:0.000337s ]
INFO: [ app_begin ] --END-- [ RunTime:0.000631s ]
SQL: SHOW COLUMNS FROM `lee_shop_three` [ RunTime:0.0004s ]
SQL: SELECT * FROM `lee_shop_three` WHERE ( pid = 3 )  [ RunTime:0.0002s ]
INFO: [ app_end ] --START--
INFO: Run Behavior\ShowPageTraceBehavior [ RunTime:0.000445s ]
INFO: [ app_end ] --END-- [ RunTime:0.000521s ]

[ 2016-08-07T13:52:40+08:00 ] 127.0.0.1 /Admin/Index/get_shop_all_type.html
INFO: [ app_begin ] --START--
INFO: Run Behavior\ReadHtmlCacheBehavior [ RunTime:0.000546s ]
INFO: [ app_begin ] --END-- [ RunTime:0.001135s ]
SQL: SHOW COLUMNS FROM `lee_shop_cate_list` [ RunTime:0.0005s ]
SQL: SELECT * FROM `lee_shop_cate_list` WHERE ( pid = 1 and pid_type = 2 )  [ RunTime:0.0002s ]
INFO: [ app_end ] --START--
INFO: Run Behavior\ShowPageTraceBehavior [ RunTime:0.000487s ]
INFO: [ app_end ] --END-- [ RunTime:0.000575s ]

[ 2016-08-07T13:52:41+08:00 ] 127.0.0.1 /Admin/Index/get_shop_all_to_input.html
INFO: [ app_begin ] --START--
INFO: Run Behavior\ReadHtmlCacheBehavior [ RunTime:0.000335s ]
INFO: [ app_begin ] --END-- [ RunTime:0.000630s ]
SQL: SHOW COLUMNS FROM `lee_shop_cate_has` [ RunTime:0.0006s ]
SQL: SHOW COLUMNS FROM `lee_shop_att` [ RunTime:0.0004s ]
SQL: SELECT * FROM `lee_shop_cate_has` WHERE ( pid = 1 and sta = 1 )  [ RunTime:0.0002s ]
SQL: SELECT * FROM `lee_shop_att` WHERE ( pid = 1 and sta = 1 )  [ RunTime:0.0001s ]
SQL: SELECT * FROM `lee_shop_att` WHERE ( pid = 2 and sta = 1 )  [ RunTime:0.0001s ]
SQL: SELECT * FROM `lee_shop_att` WHERE ( pid = 3 and sta = 1 )  [ RunTime:0.0001s ]
INFO: [ view_parse ] --START--
INFO: [ template_filter ] --START--
INFO: Run Behavior\ContentReplaceBehavior [ RunTime:0.000071s ]
INFO: [ template_filter ] --END-- [ RunTime:0.000157s ]
INFO: Run Behavior\ParseTemplateBehavior [ RunTime:0.008433s ]
INFO: [ view_parse ] --END-- [ RunTime:0.008519s ]
INFO: [ view_filter ] --START--
INFO: Run Behavior\WriteHtmlCacheBehavior [ RunTime:0.000343s ]
INFO: [ view_filter ] --END-- [ RunTime:0.000421s ]
INFO: [ app_end ] --START--
INFO: Run Behavior\ShowPageTraceBehavior [ RunTime:0.000411s ]
INFO: [ app_end ] --END-- [ RunTime:0.000494s ]

[ 2016-08-07T15:39:53+08:00 ] 127.0.0.1 /Admin/shop/get_address.html
INFO: [ app_begin ] --START--
INFO: Run Behavior\ReadHtmlCacheBehavior [ RunTime:0.000326s ]
INFO: [ app_begin ] --END-- [ RunTime:0.000610s ]
ERR: 无法加载控制器:Shop

