[ 2016-08-12T23:07:08+08:00 ] 127.0.0.1 /Admin/Index/get_shop_lx
INFO: [ app_begin ] --START--
INFO: Run Behavior\ReadHtmlCacheBehavior [ RunTime:0.000330s ]
INFO: [ app_begin ] --END-- [ RunTime:0.000665s ]
SQL: SHOW COLUMNS FROM `lee_shop_two` [ RunTime:0.0006s ]
SQL: SELECT * FROM `lee_shop_two` WHERE ( pid = 1 )  [ RunTime:0.0002s ]
INFO: [ app_end ] --START--
INFO: Run Behavior\ShowPageTraceBehavior [ RunTime:0.000434s ]
INFO: [ app_end ] --END-- [ RunTime:0.000517s ]

[ 2016-08-12T23:07:09+08:00 ] 127.0.0.1 /Admin/Index/get_shop_lx
INFO: [ app_begin ] --START--
INFO: Run Behavior\ReadHtmlCacheBehavior [ RunTime:0.000335s ]
INFO: [ app_begin ] --END-- [ RunTime:0.000668s ]
SQL: SHOW COLUMNS FROM `lee_shop_two` [ RunTime:0.0006s ]
SQL: SELECT * FROM `lee_shop_two` WHERE ( pid = 2 )  [ RunTime:0.0002s ]
INFO: [ app_end ] --START--
INFO: Run Behavior\ShowPageTraceBehavior [ RunTime:0.000416s ]
INFO: [ app_end ] --END-- [ RunTime:0.000496s ]

[ 2016-08-12T23:07:09+08:00 ] 127.0.0.1 /Admin/Index/get_shop_lx
INFO: [ app_begin ] --START--
INFO: Run Behavior\ReadHtmlCacheBehavior [ RunTime:0.000325s ]
INFO: [ app_begin ] --END-- [ RunTime:0.000656s ]
SQL: SHOW COLUMNS FROM `lee_shop_three` [ RunTime:0.0007s ]
SQL: SELECT * FROM `lee_shop_three` WHERE ( pid = 4 )  [ RunTime:0.0002s ]
INFO: [ app_end ] --START--
INFO: Run Behavior\ShowPageTraceBehavior [ RunTime:0.000382s ]
INFO: [ app_end ] --END-- [ RunTime:0.000453s ]

[ 2016-08-12T23:07:10+08:00 ] 127.0.0.1 /Admin/Index/get_shop_lx
INFO: [ app_begin ] --START--
INFO: Run Behavior\ReadHtmlCacheBehavior [ RunTime:0.000361s ]
INFO: [ app_begin ] --END-- [ RunTime:0.000691s ]
SQL: SHOW COLUMNS FROM `lee_shop_three` [ RunTime:0.0009s ]
SQL: SELECT * FROM `lee_shop_three` WHERE ( pid = 3 )  [ RunTime:0.0002s ]
INFO: [ app_end ] --START--
INFO: Run Behavior\ShowPageTraceBehavior [ RunTime:0.000361s ]
INFO: [ app_end ] --END-- [ RunTime:0.000436s ]

[ 2016-08-12T23:07:26+08:00 ] 127.0.0.1 /Admin/Cate/get_shop_brand
INFO: [ app_begin ] --START--
INFO: Run Behavior\ReadHtmlCacheBehavior [ RunTime:0.000330s ]
INFO: [ app_begin ] --END-- [ RunTime:0.000659s ]
SQL: SHOW COLUMNS FROM `lee_shop_brand` [ RunTime:0.0006s ]
SQL: SELECT * FROM `lee_shop_brand` WHERE ( pid = 2 )  [ RunTime:0.0002s ]
INFO: [ app_end ] --START--
INFO: Run Behavior\ShowPageTraceBehavior [ RunTime:0.000429s ]
INFO: [ app_end ] --END-- [ RunTime:0.000513s ]

[ 2016-08-12T23:07:27+08:00 ] 127.0.0.1 /Admin/Cate/get_shop_cate_list
INFO: [ app_begin ] --START--
INFO: Run Behavior\ReadHtmlCacheBehavior [ RunTime:0.000365s ]
INFO: [ app_begin ] --END-- [ RunTime:0.000798s ]
SQL: SHOW COLUMNS FROM `lee_shop_cate_list` [ RunTime:0.0310s ]
SQL: SELECT `id` FROM `lee_shop_cate_list` WHERE ( pid = '2' and pid_type = '2' )  [ RunTime:0.0002s ]
SQL: SHOW COLUMNS FROM `lee_shop_cate_has` [ RunTime:0.0566s ]
SQL: SHOW COLUMNS FROM `lee_shop_att` [ RunTime:0.0313s ]
SQL: SELECT * FROM `lee_shop_cate_list` WHERE `id` IN ('4','9','6')  [ RunTime:0.0158s ]
SQL: SELECT * FROM `lee_shop_cate_has` WHERE ( pid = 4 )  [ RunTime:0.0002s ]
SQL: SELECT * FROM `lee_shop_att` WHERE ( pid = 11 )  [ RunTime:0.0095s ]
SQL: SELECT * FROM `lee_shop_att` WHERE ( pid = 10 )  [ RunTime:0.0002s ]
SQL: SELECT * FROM `lee_shop_att` WHERE ( pid = 12 )  [ RunTime:0.0001s ]
SQL: SELECT * FROM `lee_shop_cate_has` WHERE ( pid = 9 )  [ RunTime:0.0001s ]
SQL: SELECT * FROM `lee_shop_att` WHERE ( pid = 21 )  [ RunTime:0.0001s ]
SQL: SELECT * FROM `lee_shop_att` WHERE ( pid = 22 )  [ RunTime:0.0001s ]
SQL: SELECT * FROM `lee_shop_att` WHERE ( pid = 23 )  [ RunTime:0.0001s ]
SQL: SELECT * FROM `lee_shop_cate_has` WHERE ( pid = 6 )  [ RunTime:0.0001s ]
SQL: SELECT * FROM `lee_shop_att` WHERE ( pid = 14 )  [ RunTime:0.0001s ]
SQL: SELECT * FROM `lee_shop_att` WHERE ( pid = 15 )  [ RunTime:0.0002s ]
SQL: SELECT * FROM `lee_shop_att` WHERE ( pid = 16 )  [ RunTime:0.0002s ]
INFO: [ view_parse ] --START--
INFO: [ template_filter ] --START--
INFO: Run Behavior\ContentReplaceBehavior [ RunTime:0.000066s ]
INFO: [ template_filter ] --END-- [ RunTime:0.000153s ]
INFO: Run Behavior\ParseTemplateBehavior [ RunTime:0.010285s ]
INFO: [ view_parse ] --END-- [ RunTime:0.010385s ]
INFO: [ view_filter ] --START--
INFO: Run Behavior\WriteHtmlCacheBehavior [ RunTime:0.000189s ]
INFO: [ view_filter ] --END-- [ RunTime:0.000261s ]
INFO: [ app_end ] --START--
INFO: Run Behavior\ShowPageTraceBehavior [ RunTime:0.000328s ]
INFO: [ app_end ] --END-- [ RunTime:0.000408s ]

